This is pdfTeX, Version 3.1415926-2.5-1.40.14 (TeX Live 2013/Debian) (format=pdflatex 2017.5.12)  15 MAY 2017 00:18
entering extended mode
 restricted \write18 enabled.
 file:line:error style messages enabled.
 %&-line parsing enabled.
**\input lnicst.tex
(./lnicst.tex (./svmultln.cls
Document Class: svmultln 2007/08/08 v3.27 
Springer Verlag global LaTeX document class for lecture notes and contributed b
ooks
(./svlnicst.clo
File: svlnicst.clo 2008/02/25 v1.0 SVMult class option for the Springer LNICST 
series
) (/usr/share/texlive/texmf-dist/tex/latex/base/article.cls
Document Class: article 2007/10/19 v1.4h Standard LaTeX document class
(/usr/share/texlive/texmf-dist/tex/latex/base/size10.clo
File: size10.clo 2007/10/19 v1.4h Standard LaTeX file (size option)
)
\c@part=\count79
\c@section=\count80
\c@subsection=\count81
\c@subsubsection=\count82
\c@paragraph=\count83
\c@subparagraph=\count84
\c@figure=\count85
\c@table=\count86
\abovecaptionskip=\skip41
\belowcaptionskip=\skip42
\bibindent=\dimen102
)
(/usr/share/texlive/texmf-dist/tex/latex/tools/multicol.sty
Package: multicol 2011/06/27 v1.7a multicolumn formatting (FMi)
\c@tracingmulticols=\count87
\mult@box=\box26
\multicol@leftmargin=\dimen103
\c@unbalance=\count88
\c@collectmore=\count89
\doublecol@number=\count90
\multicoltolerance=\count91
\multicolpretolerance=\count92
\full@width=\dimen104
\page@free=\dimen105
\premulticols=\dimen106
\postmulticols=\dimen107
\multicolsep=\skip43
\multicolbaselineskip=\skip44
\partial@page=\box27
\last@line=\box28
\mult@rightbox=\box29
\mult@grightbox=\box30
\mult@gfirstbox=\box31
\mult@firstbox=\box32
\@tempa=\box33
\@tempa=\box34
\@tempa=\box35
\@tempa=\box36
\@tempa=\box37
\@tempa=\box38
\@tempa=\box39
\@tempa=\box40
\@tempa=\box41
\@tempa=\box42
\@tempa=\box43
\@tempa=\box44
\@tempa=\box45
\@tempa=\box46
\@tempa=\box47
\@tempa=\box48
\@tempa=\box49
\c@columnbadness=\count93
\c@finalcolumnbadness=\count94
\last@try=\dimen108
\multicolovershoot=\dimen109
\multicolundershoot=\dimen110
\mult@nat@firstbox=\box50
\colbreak@box=\box51
\multicol@sort@counter=\count95
)
\betweenumberspace=\dimen111
\headlineindent=\dimen112
\minitoc=\write3
\c@minitocdepth=\count96
\c@chapter=\count97
\svitemindent=\dimen113
\verbatimindent=\dimen114
LaTeX Font Info:    Redeclaring math symbol \Gamma on input line 722.
LaTeX Font Info:    Redeclaring math symbol \Delta on input line 723.
LaTeX Font Info:    Redeclaring math symbol \Theta on input line 724.
LaTeX Font Info:    Redeclaring math symbol \Lambda on input line 725.
LaTeX Font Info:    Redeclaring math symbol \Xi on input line 726.
LaTeX Font Info:    Redeclaring math symbol \Pi on input line 727.
LaTeX Font Info:    Redeclaring math symbol \Sigma on input line 728.
LaTeX Font Info:    Redeclaring math symbol \Upsilon on input line 729.
LaTeX Font Info:    Redeclaring math symbol \Phi on input line 730.
LaTeX Font Info:    Redeclaring math symbol \Psi on input line 731.
LaTeX Font Info:    Redeclaring math symbol \Omega on input line 732.
\tocchpnum=\dimen115
\tocsecnum=\dimen116
\tocsectotal=\dimen117
\tocsubsecnum=\dimen118
\tocsubsectotal=\dimen119
\tocsubsubsecnum=\dimen120
\tocsubsubsectotal=\dimen121
\tocparanum=\dimen122
\tocparatotal=\dimen123
\tocsubparanum=\dimen124
\foot@parindent=\dimen125
\spthmsep=\dimen126
\c@theorem=\count98
\c@case=\count99
\c@conjecture=\count100
\c@corollary=\count101
\c@definition=\count102
\c@example=\count103
\c@exercise=\count104
\c@lemma=\count105
\c@note=\count106
\c@problem=\count107
\c@property=\count108
\c@proposition=\count109
\c@question=\count110
\c@solution=\count111
\c@remark=\count112
\instindent=\dimen127
\figgap=\dimen128
\figcapgap=\dimen129
\tabcapgap=\dimen130
\c@merk=\count113
\c@@inst=\count114
\c@@auth=\count115
\c@auco=\count116
\instindent=\dimen131
\authrun=\box52
\authorrunning=\toks14
\tocauthor=\toks15
\titrun=\box53
\titlerunning=\toks16
\toctitle=\toks17
\c@contribution=\count117
)

+++++++++++++++++++++++++++++++++++++++++++++++++++++++++++ 
+ svlnicst.clo 2008/02/25 v1.0 SVMono/SVMult class option + 
+ to establish the layout for Springer LNICST volumes     + 
+++++++++++++++++++++++++++++++++++++++++++++++++++++++++++

\svitemindent=\dimen132
(/usr/share/texlive/texmf-dist/tex/latex/base/makeidx.sty
Package: makeidx 2000/03/29 v1.0m Standard LaTeX package
) (./lnicst.aux)
\openout1 = `lnicst.aux'.

LaTeX Font Info:    Checking defaults for OML/cmm/m/it on input line 12.
LaTeX Font Info:    ... okay on input line 12.
LaTeX Font Info:    Checking defaults for T1/cmr/m/n on input line 12.
LaTeX Font Info:    ... okay on input line 12.
LaTeX Font Info:    Checking defaults for OT1/cmr/m/n on input line 12.
LaTeX Font Info:    ... okay on input line 12.
LaTeX Font Info:    Checking defaults for OMS/cmsy/m/n on input line 12.
LaTeX Font Info:    ... okay on input line 12.
LaTeX Font Info:    Checking defaults for OMX/cmex/m/n on input line 12.
LaTeX Font Info:    ... okay on input line 12.
LaTeX Font Info:    Checking defaults for U/cmr/m/n on input line 12.
LaTeX Font Info:    ... okay on input line 12.

(/usr/share/texlive/texmf-dist/tex/latex/url/url.sty
\Urlmuskip=\muskip10
Package: url 2013/09/16  ver 3.4  Verb mode for urls, etc.
)
LaTeX Font Info:    External font `cmex10' loaded for size
(Font)              <7> on input line 39.
LaTeX Font Info:    External font `cmex10' loaded for size
(Font)              <5> on input line 39.
LaTeX Font Info:    External font `cmex10' loaded for size
(Font)              <9> on input line 39.
LaTeX Font Info:    External font `cmex10' loaded for size
(Font)              <6> on input line 39.
 [1





{/var/lib/texmf/fonts/map/pdftex/updmap/pdftex.map}]
LaTeX Font Info:    Try loading font information for OML+cmr on input line 70.

(/usr/share/texlive/texmf-dist/tex/latex/base/omlcmr.fd
File: omlcmr.fd 1999/05/25 v2.5h Standard LaTeX font definitions
)
LaTeX Font Info:    Font shape `OML/cmr/m/n' in size <10> not available
(Font)              Font shape `OML/cmm/m/it' tried instead on input line 70.
 [2] [3] [4] [5]
[6] [7] [8] (./lnicst.aux) ) 
Here is how much of TeX's memory you used:
 945 strings out of 495028
 10595 string characters out of 6181497
 73702 words of memory out of 5000000
 4205 multiletter control sequences out of 15000+600000
 9658 words of font info for 34 fonts, out of 8000000 for 9000
 14 hyphenation exceptions out of 8191
 29i,8n,21p,1495b,339s stack positions out of 5000i,500n,10000p,200000b,80000s
</usr/share/texlive/texmf-dist/fonts/type1/public/a
msfonts/cm/cmbx10.pfb></usr/share/texlive/texmf-dist/fonts/type1/public/amsfont
s/cm/cmbx12.pfb></usr/share/texlive/texmf-dist/fonts/type1/public/amsfonts/cm/c
mbx9.pfb></usr/share/texlive/texmf-dist/fonts/type1/public/amsfonts/cm/cmex10.p
fb></usr/share/texlive/texmf-dist/fonts/type1/public/amsfonts/cm/cmmi10.pfb></u
sr/share/texlive/texmf-dist/fonts/type1/public/amsfonts/cm/cmmi7.pfb></usr/shar
e/texlive/texmf-dist/fonts/type1/public/amsfonts/cm/cmr10.pfb></usr/share/texli
ve/texmf-dist/fonts/type1/public/amsfonts/cm/cmr7.pfb></usr/share/texlive/texmf
-dist/fonts/type1/public/amsfonts/cm/cmr9.pfb></usr/share/texlive/texmf-dist/fo
nts/type1/public/amsfonts/cm/cmss10.pfb></usr/share/texlive/texmf-dist/fonts/ty
pe1/public/amsfonts/cm/cmsy10.pfb></usr/share/texlive/texmf-dist/fonts/type1/pu
blic/amsfonts/cm/cmsy5.pfb></usr/share/texlive/texmf-dist/fonts/type1/public/am
sfonts/cm/cmsy7.pfb></usr/share/texlive/texmf-dist/fonts/type1/public/amsfonts/
cm/cmti10.pfb></usr/share/texlive/texmf-dist/fonts/type1/public/amsfonts/cm/cmt
i9.pfb></usr/share/texlive/texmf-dist/fonts/type1/public/amsfonts/cm/cmtt9.pfb>
Output written on lnicst.pdf (8 pages, 219432 bytes).
PDF statistics:
 95 PDF objects out of 1000 (max. 8388607)
 68 compressed objects within 1 object stream
 0 named destinations out of 1000 (max. 500000)
 1 words of extra memory for PDF output out of 10000 (max. 10000000)

