The system is: Linux - 4.4.0-66-generic - x86_64
Compiling the C compiler identification source file "CMakeCCompilerId.c" succeeded.
Compiler: /usr/bin/cc 
Build flags: 
Id flags: 

The output was:
0


Compilation of the C compiler identification source "CMakeCCompilerId.c" produced "a.out"

The C compiler identification is GNU, found in "/media/windows/win2/Research/llvm_release_build/CMakeFiles/3.7.2/CompilerIdC/a.out"

Compiling the CXX compiler identification source file "CMakeCXXCompilerId.cpp" succeeded.
Compiler: /usr/bin/c++ 
Build flags: 
Id flags: 

The output was:
0


Compilation of the CXX compiler identification source "CMakeCXXCompilerId.cpp" produced "a.out"

The CXX compiler identification is GNU, found in "/media/windows/win2/Research/llvm_release_build/CMakeFiles/3.7.2/CompilerIdCXX/a.out"

Determining if the C compiler works passed with the following output:
Change Dir: /media/windows/win2/Research/llvm_release_build/CMakeFiles/CMakeTmp

Run Build Command:"/usr/bin/ninja" "cmTC_eb263"
[1/2] Building C object CMakeFiles/cmTC_eb263.dir/testCCompiler.c.o
[2/2] Linking C executable cmTC_eb263


Detecting C compiler ABI info compiled with the following output:
Change Dir: /media/windows/win2/Research/llvm_release_build/CMakeFiles/CMakeTmp

Run Build Command:"/usr/bin/ninja" "cmTC_21837"
[1/2] Building C object CMakeFiles/cmTC_21837.dir/CMakeCCompilerABI.c.o
[2/2] Linking C executable cmTC_21837
Using built-in specs.
COLLECT_GCC=/usr/bin/cc
COLLECT_LTO_WRAPPER=/usr/lib/gcc/x86_64-linux-gnu/4.8/lto-wrapper
Target: x86_64-linux-gnu
Configured with: ../src/configure -v --with-pkgversion='Ubuntu 4.8.4-2ubuntu1~14.04.3' --with-bugurl=file:///usr/share/doc/gcc-4.8/README.Bugs --enable-languages=c,c++,java,go,d,fortran,objc,obj-c++ --prefix=/usr --program-suffix=-4.8 --enable-shared --enable-linker-build-id --libexecdir=/usr/lib --without-included-gettext --enable-threads=posix --with-gxx-include-dir=/usr/include/c++/4.8 --libdir=/usr/lib --enable-nls --with-sysroot=/ --enable-clocale=gnu --enable-libstdcxx-debug --enable-libstdcxx-time=yes --enable-gnu-unique-object --disable-libmudflap --enable-plugin --with-system-zlib --disable-browser-plugin --enable-java-awt=gtk --enable-gtk-cairo --with-java-home=/usr/lib/jvm/java-1.5.0-gcj-4.8-amd64/jre --enable-java-home --with-jvm-root-dir=/usr/lib/jvm/java-1.5.0-gcj-4.8-amd64 --with-jvm-jar-dir=/usr/lib/jvm-exports/java-1.5.0-gcj-4.8-amd64 --with-arch-directory=amd64 --with-ecj-jar=/usr/share/java/eclipse-ecj.jar --enable-objc-gc --enable-multiarch --disable-werror --with-arch-32=i686 --with-abi=m64 --with-multilib-list=m32,m64,mx32 --with-tune=generic --enable-checking=release --build=x86_64-linux-gnu --host=x86_64-linux-gnu --target=x86_64-linux-gnu
Thread model: posix
gcc version 4.8.4 (Ubuntu 4.8.4-2ubuntu1~14.04.3) 
COMPILER_PATH=/usr/lib/gcc/x86_64-linux-gnu/4.8/:/usr/lib/gcc/x86_64-linux-gnu/4.8/:/usr/lib/gcc/x86_64-linux-gnu/:/usr/lib/gcc/x86_64-linux-gnu/4.8/:/usr/lib/gcc/x86_64-linux-gnu/
LIBRARY_PATH=/usr/lib/gcc/x86_64-linux-gnu/4.8/:/usr/lib/gcc/x86_64-linux-gnu/4.8/../../../x86_64-linux-gnu/:/usr/lib/gcc/x86_64-linux-gnu/4.8/../../../../lib/:/lib/x86_64-linux-gnu/:/lib/../lib/:/usr/lib/x86_64-linux-gnu/:/usr/lib/../lib/:/usr/lib/gcc/x86_64-linux-gnu/4.8/../../../:/lib/:/usr/lib/
COLLECT_GCC_OPTIONS='-v' '-o' 'cmTC_21837' '-mtune=generic' '-march=x86-64'
 /usr/lib/gcc/x86_64-linux-gnu/4.8/collect2 --sysroot=/ --build-id --eh-frame-hdr -m elf_x86_64 --hash-style=gnu --as-needed -dynamic-linker /lib64/ld-linux-x86-64.so.2 -z relro -o cmTC_21837 /usr/lib/gcc/x86_64-linux-gnu/4.8/../../../x86_64-linux-gnu/crt1.o /usr/lib/gcc/x86_64-linux-gnu/4.8/../../../x86_64-linux-gnu/crti.o /usr/lib/gcc/x86_64-linux-gnu/4.8/crtbegin.o -L/usr/lib/gcc/x86_64-linux-gnu/4.8 -L/usr/lib/gcc/x86_64-linux-gnu/4.8/../../../x86_64-linux-gnu -L/usr/lib/gcc/x86_64-linux-gnu/4.8/../../../../lib -L/lib/x86_64-linux-gnu -L/lib/../lib -L/usr/lib/x86_64-linux-gnu -L/usr/lib/../lib -L/usr/lib/gcc/x86_64-linux-gnu/4.8/../../.. CMakeFiles/cmTC_21837.dir/CMakeCCompilerABI.c.o -lgcc --as-needed -lgcc_s --no-as-needed -lc -lgcc --as-needed -lgcc_s --no-as-needed /usr/lib/gcc/x86_64-linux-gnu/4.8/crtend.o /usr/lib/gcc/x86_64-linux-gnu/4.8/../../../x86_64-linux-gnu/crtn.o


Parsed C implicit link information from above output:
  link line regex: [^( *|.*[/\])(ld|([^/\]+-)?ld|collect2)[^/\]*( |$)]
  ignore line: [Change Dir: /media/windows/win2/Research/llvm_release_build/CMakeFiles/CMakeTmp]
  ignore line: []
  ignore line: [Run Build Command:"/usr/bin/ninja" "cmTC_21837"]
  ignore line: [[1/2] Building C object CMakeFiles/cmTC_21837.dir/CMakeCCompilerABI.c.o]
  ignore line: [[2/2] Linking C executable cmTC_21837]
  ignore line: [Using built-in specs.]
  ignore line: [COLLECT_GCC=/usr/bin/cc]
  ignore line: [COLLECT_LTO_WRAPPER=/usr/lib/gcc/x86_64-linux-gnu/4.8/lto-wrapper]
  ignore line: [Target: x86_64-linux-gnu]
  ignore line: [Configured with: ../src/configure -v --with-pkgversion='Ubuntu 4.8.4-2ubuntu1~14.04.3' --with-bugurl=file:///usr/share/doc/gcc-4.8/README.Bugs --enable-languages=c,c++,java,go,d,fortran,objc,obj-c++ --prefix=/usr --program-suffix=-4.8 --enable-shared --enable-linker-build-id --libexecdir=/usr/lib --without-included-gettext --enable-threads=posix --with-gxx-include-dir=/usr/include/c++/4.8 --libdir=/usr/lib --enable-nls --with-sysroot=/ --enable-clocale=gnu --enable-libstdcxx-debug --enable-libstdcxx-time=yes --enable-gnu-unique-object --disable-libmudflap --enable-plugin --with-system-zlib --disable-browser-plugin --enable-java-awt=gtk --enable-gtk-cairo --with-java-home=/usr/lib/jvm/java-1.5.0-gcj-4.8-amd64/jre --enable-java-home --with-jvm-root-dir=/usr/lib/jvm/java-1.5.0-gcj-4.8-amd64 --with-jvm-jar-dir=/usr/lib/jvm-exports/java-1.5.0-gcj-4.8-amd64 --with-arch-directory=amd64 --with-ecj-jar=/usr/share/java/eclipse-ecj.jar --enable-objc-gc --enable-multiarch --disable-werror --with-arch-32=i686 --with-abi=m64 --with-multilib-list=m32,m64,mx32 --with-tune=generic --enable-checking=release --build=x86_64-linux-gnu --host=x86_64-linux-gnu --target=x86_64-linux-gnu]
  ignore line: [Thread model: posix]
  ignore line: [gcc version 4.8.4 (Ubuntu 4.8.4-2ubuntu1~14.04.3) ]
  ignore line: [COMPILER_PATH=/usr/lib/gcc/x86_64-linux-gnu/4.8/:/usr/lib/gcc/x86_64-linux-gnu/4.8/:/usr/lib/gcc/x86_64-linux-gnu/:/usr/lib/gcc/x86_64-linux-gnu/4.8/:/usr/lib/gcc/x86_64-linux-gnu/]
  ignore line: [LIBRARY_PATH=/usr/lib/gcc/x86_64-linux-gnu/4.8/:/usr/lib/gcc/x86_64-linux-gnu/4.8/../../../x86_64-linux-gnu/:/usr/lib/gcc/x86_64-linux-gnu/4.8/../../../../lib/:/lib/x86_64-linux-gnu/:/lib/../lib/:/usr/lib/x86_64-linux-gnu/:/usr/lib/../lib/:/usr/lib/gcc/x86_64-linux-gnu/4.8/../../../:/lib/:/usr/lib/]
  ignore line: [COLLECT_GCC_OPTIONS='-v' '-o' 'cmTC_21837' '-mtune=generic' '-march=x86-64']
  link line: [ /usr/lib/gcc/x86_64-linux-gnu/4.8/collect2 --sysroot=/ --build-id --eh-frame-hdr -m elf_x86_64 --hash-style=gnu --as-needed -dynamic-linker /lib64/ld-linux-x86-64.so.2 -z relro -o cmTC_21837 /usr/lib/gcc/x86_64-linux-gnu/4.8/../../../x86_64-linux-gnu/crt1.o /usr/lib/gcc/x86_64-linux-gnu/4.8/../../../x86_64-linux-gnu/crti.o /usr/lib/gcc/x86_64-linux-gnu/4.8/crtbegin.o -L/usr/lib/gcc/x86_64-linux-gnu/4.8 -L/usr/lib/gcc/x86_64-linux-gnu/4.8/../../../x86_64-linux-gnu -L/usr/lib/gcc/x86_64-linux-gnu/4.8/../../../../lib -L/lib/x86_64-linux-gnu -L/lib/../lib -L/usr/lib/x86_64-linux-gnu -L/usr/lib/../lib -L/usr/lib/gcc/x86_64-linux-gnu/4.8/../../.. CMakeFiles/cmTC_21837.dir/CMakeCCompilerABI.c.o -lgcc --as-needed -lgcc_s --no-as-needed -lc -lgcc --as-needed -lgcc_s --no-as-needed /usr/lib/gcc/x86_64-linux-gnu/4.8/crtend.o /usr/lib/gcc/x86_64-linux-gnu/4.8/../../../x86_64-linux-gnu/crtn.o]
    arg [/usr/lib/gcc/x86_64-linux-gnu/4.8/collect2] ==> ignore
    arg [--sysroot=/] ==> ignore
    arg [--build-id] ==> ignore
    arg [--eh-frame-hdr] ==> ignore
    arg [-m] ==> ignore
    arg [elf_x86_64] ==> ignore
    arg [--hash-style=gnu] ==> ignore
    arg [--as-needed] ==> ignore
    arg [-dynamic-linker] ==> ignore
    arg [/lib64/ld-linux-x86-64.so.2] ==> ignore
    arg [-zrelro] ==> ignore
    arg [-o] ==> ignore
    arg [cmTC_21837] ==> ignore
    arg [/usr/lib/gcc/x86_64-linux-gnu/4.8/../../../x86_64-linux-gnu/crt1.o] ==> ignore
    arg [/usr/lib/gcc/x86_64-linux-gnu/4.8/../../../x86_64-linux-gnu/crti.o] ==> ignore
    arg [/usr/lib/gcc/x86_64-linux-gnu/4.8/crtbegin.o] ==> ignore
    arg [-L/usr/lib/gcc/x86_64-linux-gnu/4.8] ==> dir [/usr/lib/gcc/x86_64-linux-gnu/4.8]
    arg [-L/usr/lib/gcc/x86_64-linux-gnu/4.8/../../../x86_64-linux-gnu] ==> dir [/usr/lib/gcc/x86_64-linux-gnu/4.8/../../../x86_64-linux-gnu]
    arg [-L/usr/lib/gcc/x86_64-linux-gnu/4.8/../../../../lib] ==> dir [/usr/lib/gcc/x86_64-linux-gnu/4.8/../../../../lib]
    arg [-L/lib/x86_64-linux-gnu] ==> dir [/lib/x86_64-linux-gnu]
    arg [-L/lib/../lib] ==> dir [/lib/../lib]
    arg [-L/usr/lib/x86_64-linux-gnu] ==> dir [/usr/lib/x86_64-linux-gnu]
    arg [-L/usr/lib/../lib] ==> dir [/usr/lib/../lib]
    arg [-L/usr/lib/gcc/x86_64-linux-gnu/4.8/../../..] ==> dir [/usr/lib/gcc/x86_64-linux-gnu/4.8/../../..]
    arg [CMakeFiles/cmTC_21837.dir/CMakeCCompilerABI.c.o] ==> ignore
    arg [-lgcc] ==> lib [gcc]
    arg [--as-needed] ==> ignore
    arg [-lgcc_s] ==> lib [gcc_s]
    arg [--no-as-needed] ==> ignore
    arg [-lc] ==> lib [c]
    arg [-lgcc] ==> lib [gcc]
    arg [--as-needed] ==> ignore
    arg [-lgcc_s] ==> lib [gcc_s]
    arg [--no-as-needed] ==> ignore
    arg [/usr/lib/gcc/x86_64-linux-gnu/4.8/crtend.o] ==> ignore
    arg [/usr/lib/gcc/x86_64-linux-gnu/4.8/../../../x86_64-linux-gnu/crtn.o] ==> ignore
  remove lib [gcc]
  remove lib [gcc_s]
  remove lib [gcc]
  remove lib [gcc_s]
  collapse library dir [/usr/lib/gcc/x86_64-linux-gnu/4.8] ==> [/usr/lib/gcc/x86_64-linux-gnu/4.8]
  collapse library dir [/usr/lib/gcc/x86_64-linux-gnu/4.8/../../../x86_64-linux-gnu] ==> [/usr/lib/x86_64-linux-gnu]
  collapse library dir [/usr/lib/gcc/x86_64-linux-gnu/4.8/../../../../lib] ==> [/usr/lib]
  collapse library dir [/lib/x86_64-linux-gnu] ==> [/lib/x86_64-linux-gnu]
  collapse library dir [/lib/../lib] ==> [/lib]
  collapse library dir [/usr/lib/x86_64-linux-gnu] ==> [/usr/lib/x86_64-linux-gnu]
  collapse library dir [/usr/lib/../lib] ==> [/usr/lib]
  collapse library dir [/usr/lib/gcc/x86_64-linux-gnu/4.8/../../..] ==> [/usr/lib]
  implicit libs: [c]
  implicit dirs: [/usr/lib/gcc/x86_64-linux-gnu/4.8;/usr/lib/x86_64-linux-gnu;/usr/lib;/lib/x86_64-linux-gnu;/lib]
  implicit fwks: []




Detecting C [-std=c11] compiler features compiled with the following output:
Change Dir: /media/windows/win2/Research/llvm_release_build/CMakeFiles/CMakeTmp

Run Build Command:"/usr/bin/ninja" "cmTC_49992"
[1/2] Building C object CMakeFiles/cmTC_49992.dir/feature_tests.c.o
[2/2] Linking C executable cmTC_49992


    Feature record: C_FEATURE:1c_function_prototypes
    Feature record: C_FEATURE:1c_restrict
    Feature record: C_FEATURE:1c_static_assert
    Feature record: C_FEATURE:1c_variadic_macros


Detecting C [-std=c99] compiler features compiled with the following output:
Change Dir: /media/windows/win2/Research/llvm_release_build/CMakeFiles/CMakeTmp

Run Build Command:"/usr/bin/ninja" "cmTC_c1822"
[1/2] Building C object CMakeFiles/cmTC_c1822.dir/feature_tests.c.o
[2/2] Linking C executable cmTC_c1822


    Feature record: C_FEATURE:1c_function_prototypes
    Feature record: C_FEATURE:1c_restrict
    Feature record: C_FEATURE:0c_static_assert
    Feature record: C_FEATURE:1c_variadic_macros


Detecting C [-std=c90] compiler features compiled with the following output:
Change Dir: /media/windows/win2/Research/llvm_release_build/CMakeFiles/CMakeTmp

Run Build Command:"/usr/bin/ninja" "cmTC_4bb99"
[1/2] Building C object CMakeFiles/cmTC_4bb99.dir/feature_tests.c.o
[2/2] Linking C executable cmTC_4bb99


    Feature record: C_FEATURE:1c_function_prototypes
    Feature record: C_FEATURE:0c_restrict
    Feature record: C_FEATURE:0c_static_assert
    Feature record: C_FEATURE:0c_variadic_macros
Determining if the CXX compiler works passed with the following output:
Change Dir: /media/windows/win2/Research/llvm_release_build/CMakeFiles/CMakeTmp

Run Build Command:"/usr/bin/ninja" "cmTC_ab751"
[1/2] Building CXX object CMakeFiles/cmTC_ab751.dir/testCXXCompiler.cxx.o
[2/2] Linking CXX executable cmTC_ab751


Detecting CXX compiler ABI info compiled with the following output:
Change Dir: /media/windows/win2/Research/llvm_release_build/CMakeFiles/CMakeTmp

Run Build Command:"/usr/bin/ninja" "cmTC_b45c7"
[1/2] Building CXX object CMakeFiles/cmTC_b45c7.dir/CMakeCXXCompilerABI.cpp.o
[2/2] Linking CXX executable cmTC_b45c7
Using built-in specs.
COLLECT_GCC=/usr/bin/c++
COLLECT_LTO_WRAPPER=/usr/lib/gcc/x86_64-linux-gnu/4.8/lto-wrapper
Target: x86_64-linux-gnu
Configured with: ../src/configure -v --with-pkgversion='Ubuntu 4.8.4-2ubuntu1~14.04.3' --with-bugurl=file:///usr/share/doc/gcc-4.8/README.Bugs --enable-languages=c,c++,java,go,d,fortran,objc,obj-c++ --prefix=/usr --program-suffix=-4.8 --enable-shared --enable-linker-build-id --libexecdir=/usr/lib --without-included-gettext --enable-threads=posix --with-gxx-include-dir=/usr/include/c++/4.8 --libdir=/usr/lib --enable-nls --with-sysroot=/ --enable-clocale=gnu --enable-libstdcxx-debug --enable-libstdcxx-time=yes --enable-gnu-unique-object --disable-libmudflap --enable-plugin --with-system-zlib --disable-browser-plugin --enable-java-awt=gtk --enable-gtk-cairo --with-java-home=/usr/lib/jvm/java-1.5.0-gcj-4.8-amd64/jre --enable-java-home --with-jvm-root-dir=/usr/lib/jvm/java-1.5.0-gcj-4.8-amd64 --with-jvm-jar-dir=/usr/lib/jvm-exports/java-1.5.0-gcj-4.8-amd64 --with-arch-directory=amd64 --with-ecj-jar=/usr/share/java/eclipse-ecj.jar --enable-objc-gc --enable-multiarch --disable-werror --with-arch-32=i686 --with-abi=m64 --with-multilib-list=m32,m64,mx32 --with-tune=generic --enable-checking=release --build=x86_64-linux-gnu --host=x86_64-linux-gnu --target=x86_64-linux-gnu
Thread model: posix
gcc version 4.8.4 (Ubuntu 4.8.4-2ubuntu1~14.04.3) 
COMPILER_PATH=/usr/lib/gcc/x86_64-linux-gnu/4.8/:/usr/lib/gcc/x86_64-linux-gnu/4.8/:/usr/lib/gcc/x86_64-linux-gnu/:/usr/lib/gcc/x86_64-linux-gnu/4.8/:/usr/lib/gcc/x86_64-linux-gnu/
LIBRARY_PATH=/usr/lib/gcc/x86_64-linux-gnu/4.8/:/usr/lib/gcc/x86_64-linux-gnu/4.8/../../../x86_64-linux-gnu/:/usr/lib/gcc/x86_64-linux-gnu/4.8/../../../../lib/:/lib/x86_64-linux-gnu/:/lib/../lib/:/usr/lib/x86_64-linux-gnu/:/usr/lib/../lib/:/usr/lib/gcc/x86_64-linux-gnu/4.8/../../../:/lib/:/usr/lib/
COLLECT_GCC_OPTIONS='-v' '-o' 'cmTC_b45c7' '-shared-libgcc' '-mtune=generic' '-march=x86-64'
 /usr/lib/gcc/x86_64-linux-gnu/4.8/collect2 --sysroot=/ --build-id --eh-frame-hdr -m elf_x86_64 --hash-style=gnu --as-needed -dynamic-linker /lib64/ld-linux-x86-64.so.2 -z relro -o cmTC_b45c7 /usr/lib/gcc/x86_64-linux-gnu/4.8/../../../x86_64-linux-gnu/crt1.o /usr/lib/gcc/x86_64-linux-gnu/4.8/../../../x86_64-linux-gnu/crti.o /usr/lib/gcc/x86_64-linux-gnu/4.8/crtbegin.o -L/usr/lib/gcc/x86_64-linux-gnu/4.8 -L/usr/lib/gcc/x86_64-linux-gnu/4.8/../../../x86_64-linux-gnu -L/usr/lib/gcc/x86_64-linux-gnu/4.8/../../../../lib -L/lib/x86_64-linux-gnu -L/lib/../lib -L/usr/lib/x86_64-linux-gnu -L/usr/lib/../lib -L/usr/lib/gcc/x86_64-linux-gnu/4.8/../../.. CMakeFiles/cmTC_b45c7.dir/CMakeCXXCompilerABI.cpp.o -lstdc++ -lm -lgcc_s -lgcc -lc -lgcc_s -lgcc /usr/lib/gcc/x86_64-linux-gnu/4.8/crtend.o /usr/lib/gcc/x86_64-linux-gnu/4.8/../../../x86_64-linux-gnu/crtn.o


Parsed CXX implicit link information from above output:
  link line regex: [^( *|.*[/\])(ld|([^/\]+-)?ld|collect2)[^/\]*( |$)]
  ignore line: [Change Dir: /media/windows/win2/Research/llvm_release_build/CMakeFiles/CMakeTmp]
  ignore line: []
  ignore line: [Run Build Command:"/usr/bin/ninja" "cmTC_b45c7"]
  ignore line: [[1/2] Building CXX object CMakeFiles/cmTC_b45c7.dir/CMakeCXXCompilerABI.cpp.o]
  ignore line: [[2/2] Linking CXX executable cmTC_b45c7]
  ignore line: [Using built-in specs.]
  ignore line: [COLLECT_GCC=/usr/bin/c++]
  ignore line: [COLLECT_LTO_WRAPPER=/usr/lib/gcc/x86_64-linux-gnu/4.8/lto-wrapper]
  ignore line: [Target: x86_64-linux-gnu]
  ignore line: [Configured with: ../src/configure -v --with-pkgversion='Ubuntu 4.8.4-2ubuntu1~14.04.3' --with-bugurl=file:///usr/share/doc/gcc-4.8/README.Bugs --enable-languages=c,c++,java,go,d,fortran,objc,obj-c++ --prefix=/usr --program-suffix=-4.8 --enable-shared --enable-linker-build-id --libexecdir=/usr/lib --without-included-gettext --enable-threads=posix --with-gxx-include-dir=/usr/include/c++/4.8 --libdir=/usr/lib --enable-nls --with-sysroot=/ --enable-clocale=gnu --enable-libstdcxx-debug --enable-libstdcxx-time=yes --enable-gnu-unique-object --disable-libmudflap --enable-plugin --with-system-zlib --disable-browser-plugin --enable-java-awt=gtk --enable-gtk-cairo --with-java-home=/usr/lib/jvm/java-1.5.0-gcj-4.8-amd64/jre --enable-java-home --with-jvm-root-dir=/usr/lib/jvm/java-1.5.0-gcj-4.8-amd64 --with-jvm-jar-dir=/usr/lib/jvm-exports/java-1.5.0-gcj-4.8-amd64 --with-arch-directory=amd64 --with-ecj-jar=/usr/share/java/eclipse-ecj.jar --enable-objc-gc --enable-multiarch --disable-werror --with-arch-32=i686 --with-abi=m64 --with-multilib-list=m32,m64,mx32 --with-tune=generic --enable-checking=release --build=x86_64-linux-gnu --host=x86_64-linux-gnu --target=x86_64-linux-gnu]
  ignore line: [Thread model: posix]
  ignore line: [gcc version 4.8.4 (Ubuntu 4.8.4-2ubuntu1~14.04.3) ]
  ignore line: [COMPILER_PATH=/usr/lib/gcc/x86_64-linux-gnu/4.8/:/usr/lib/gcc/x86_64-linux-gnu/4.8/:/usr/lib/gcc/x86_64-linux-gnu/:/usr/lib/gcc/x86_64-linux-gnu/4.8/:/usr/lib/gcc/x86_64-linux-gnu/]
  ignore line: [LIBRARY_PATH=/usr/lib/gcc/x86_64-linux-gnu/4.8/:/usr/lib/gcc/x86_64-linux-gnu/4.8/../../../x86_64-linux-gnu/:/usr/lib/gcc/x86_64-linux-gnu/4.8/../../../../lib/:/lib/x86_64-linux-gnu/:/lib/../lib/:/usr/lib/x86_64-linux-gnu/:/usr/lib/../lib/:/usr/lib/gcc/x86_64-linux-gnu/4.8/../../../:/lib/:/usr/lib/]
  ignore line: [COLLECT_GCC_OPTIONS='-v' '-o' 'cmTC_b45c7' '-shared-libgcc' '-mtune=generic' '-march=x86-64']
  link line: [ /usr/lib/gcc/x86_64-linux-gnu/4.8/collect2 --sysroot=/ --build-id --eh-frame-hdr -m elf_x86_64 --hash-style=gnu --as-needed -dynamic-linker /lib64/ld-linux-x86-64.so.2 -z relro -o cmTC_b45c7 /usr/lib/gcc/x86_64-linux-gnu/4.8/../../../x86_64-linux-gnu/crt1.o /usr/lib/gcc/x86_64-linux-gnu/4.8/../../../x86_64-linux-gnu/crti.o /usr/lib/gcc/x86_64-linux-gnu/4.8/crtbegin.o -L/usr/lib/gcc/x86_64-linux-gnu/4.8 -L/usr/lib/gcc/x86_64-linux-gnu/4.8/../../../x86_64-linux-gnu -L/usr/lib/gcc/x86_64-linux-gnu/4.8/../../../../lib -L/lib/x86_64-linux-gnu -L/lib/../lib -L/usr/lib/x86_64-linux-gnu -L/usr/lib/../lib -L/usr/lib/gcc/x86_64-linux-gnu/4.8/../../.. CMakeFiles/cmTC_b45c7.dir/CMakeCXXCompilerABI.cpp.o -lstdc++ -lm -lgcc_s -lgcc -lc -lgcc_s -lgcc /usr/lib/gcc/x86_64-linux-gnu/4.8/crtend.o /usr/lib/gcc/x86_64-linux-gnu/4.8/../../../x86_64-linux-gnu/crtn.o]
    arg [/usr/lib/gcc/x86_64-linux-gnu/4.8/collect2] ==> ignore
    arg [--sysroot=/] ==> ignore
    arg [--build-id] ==> ignore
    arg [--eh-frame-hdr] ==> ignore
    arg [-m] ==> ignore
    arg [elf_x86_64] ==> ignore
    arg [--hash-style=gnu] ==> ignore
    arg [--as-needed] ==> ignore
    arg [-dynamic-linker] ==> ignore
    arg [/lib64/ld-linux-x86-64.so.2] ==> ignore
    arg [-zrelro] ==> ignore
    arg [-o] ==> ignore
    arg [cmTC_b45c7] ==> ignore
    arg [/usr/lib/gcc/x86_64-linux-gnu/4.8/../../../x86_64-linux-gnu/crt1.o] ==> ignore
    arg [/usr/lib/gcc/x86_64-linux-gnu/4.8/../../../x86_64-linux-gnu/crti.o] ==> ignore
    arg [/usr/lib/gcc/x86_64-linux-gnu/4.8/crtbegin.o] ==> ignore
    arg [-L/usr/lib/gcc/x86_64-linux-gnu/4.8] ==> dir [/usr/lib/gcc/x86_64-linux-gnu/4.8]
    arg [-L/usr/lib/gcc/x86_64-linux-gnu/4.8/../../../x86_64-linux-gnu] ==> dir [/usr/lib/gcc/x86_64-linux-gnu/4.8/../../../x86_64-linux-gnu]
    arg [-L/usr/lib/gcc/x86_64-linux-gnu/4.8/../../../../lib] ==> dir [/usr/lib/gcc/x86_64-linux-gnu/4.8/../../../../lib]
    arg [-L/lib/x86_64-linux-gnu] ==> dir [/lib/x86_64-linux-gnu]
    arg [-L/lib/../lib] ==> dir [/lib/../lib]
    arg [-L/usr/lib/x86_64-linux-gnu] ==> dir [/usr/lib/x86_64-linux-gnu]
    arg [-L/usr/lib/../lib] ==> dir [/usr/lib/../lib]
    arg [-L/usr/lib/gcc/x86_64-linux-gnu/4.8/../../..] ==> dir [/usr/lib/gcc/x86_64-linux-gnu/4.8/../../..]
    arg [CMakeFiles/cmTC_b45c7.dir/CMakeCXXCompilerABI.cpp.o] ==> ignore
    arg [-lstdc++] ==> lib [stdc++]
    arg [-lm] ==> lib [m]
    arg [-lgcc_s] ==> lib [gcc_s]
    arg [-lgcc] ==> lib [gcc]
    arg [-lc] ==> lib [c]
    arg [-lgcc_s] ==> lib [gcc_s]
    arg [-lgcc] ==> lib [gcc]
    arg [/usr/lib/gcc/x86_64-linux-gnu/4.8/crtend.o] ==> ignore
    arg [/usr/lib/gcc/x86_64-linux-gnu/4.8/../../../x86_64-linux-gnu/crtn.o] ==> ignore
  remove lib [gcc_s]
  remove lib [gcc]
  remove lib [gcc_s]
  remove lib [gcc]
  collapse library dir [/usr/lib/gcc/x86_64-linux-gnu/4.8] ==> [/usr/lib/gcc/x86_64-linux-gnu/4.8]
  collapse library dir [/usr/lib/gcc/x86_64-linux-gnu/4.8/../../../x86_64-linux-gnu] ==> [/usr/lib/x86_64-linux-gnu]
  collapse library dir [/usr/lib/gcc/x86_64-linux-gnu/4.8/../../../../lib] ==> [/usr/lib]
  collapse library dir [/lib/x86_64-linux-gnu] ==> [/lib/x86_64-linux-gnu]
  collapse library dir [/lib/../lib] ==> [/lib]
  collapse library dir [/usr/lib/x86_64-linux-gnu] ==> [/usr/lib/x86_64-linux-gnu]
  collapse library dir [/usr/lib/../lib] ==> [/usr/lib]
  collapse library dir [/usr/lib/gcc/x86_64-linux-gnu/4.8/../../..] ==> [/usr/lib]
  implicit libs: [stdc++;m;c]
  implicit dirs: [/usr/lib/gcc/x86_64-linux-gnu/4.8;/usr/lib/x86_64-linux-gnu;/usr/lib;/lib/x86_64-linux-gnu;/lib]
  implicit fwks: []




Detecting CXX [-std=c++1y] compiler features compiled with the following output:
Change Dir: /media/windows/win2/Research/llvm_release_build/CMakeFiles/CMakeTmp

Run Build Command:"/usr/bin/ninja" "cmTC_09c76"
[1/2] Building CXX object CMakeFiles/cmTC_09c76.dir/feature_tests.cxx.o
[2/2] Linking CXX executable cmTC_09c76


    Feature record: CXX_FEATURE:0cxx_aggregate_default_initializers
    Feature record: CXX_FEATURE:1cxx_alias_templates
    Feature record: CXX_FEATURE:1cxx_alignas
    Feature record: CXX_FEATURE:1cxx_alignof
    Feature record: CXX_FEATURE:1cxx_attributes
    Feature record: CXX_FEATURE:0cxx_attribute_deprecated
    Feature record: CXX_FEATURE:1cxx_auto_type
    Feature record: CXX_FEATURE:0cxx_binary_literals
    Feature record: CXX_FEATURE:1cxx_constexpr
    Feature record: CXX_FEATURE:0cxx_contextual_conversions
    Feature record: CXX_FEATURE:1cxx_decltype
    Feature record: CXX_FEATURE:0cxx_decltype_auto
    Feature record: CXX_FEATURE:1cxx_decltype_incomplete_return_types
    Feature record: CXX_FEATURE:1cxx_default_function_template_args
    Feature record: CXX_FEATURE:1cxx_defaulted_functions
    Feature record: CXX_FEATURE:1cxx_defaulted_move_initializers
    Feature record: CXX_FEATURE:1cxx_delegating_constructors
    Feature record: CXX_FEATURE:1cxx_deleted_functions
    Feature record: CXX_FEATURE:0cxx_digit_separators
    Feature record: CXX_FEATURE:1cxx_enum_forward_declarations
    Feature record: CXX_FEATURE:1cxx_explicit_conversions
    Feature record: CXX_FEATURE:1cxx_extended_friend_declarations
    Feature record: CXX_FEATURE:1cxx_extern_templates
    Feature record: CXX_FEATURE:1cxx_final
    Feature record: CXX_FEATURE:1cxx_func_identifier
    Feature record: CXX_FEATURE:1cxx_generalized_initializers
    Feature record: CXX_FEATURE:0cxx_generic_lambdas
    Feature record: CXX_FEATURE:1cxx_inheriting_constructors
    Feature record: CXX_FEATURE:1cxx_inline_namespaces
    Feature record: CXX_FEATURE:1cxx_lambdas
    Feature record: CXX_FEATURE:0cxx_lambda_init_captures
    Feature record: CXX_FEATURE:1cxx_local_type_template_args
    Feature record: CXX_FEATURE:1cxx_long_long_type
    Feature record: CXX_FEATURE:1cxx_noexcept
    Feature record: CXX_FEATURE:1cxx_nonstatic_member_init
    Feature record: CXX_FEATURE:1cxx_nullptr
    Feature record: CXX_FEATURE:1cxx_override
    Feature record: CXX_FEATURE:1cxx_range_for
    Feature record: CXX_FEATURE:1cxx_raw_string_literals
    Feature record: CXX_FEATURE:1cxx_reference_qualified_functions
    Feature record: CXX_FEATURE:0cxx_relaxed_constexpr
    Feature record: CXX_FEATURE:0cxx_return_type_deduction
    Feature record: CXX_FEATURE:1cxx_right_angle_brackets
    Feature record: CXX_FEATURE:1cxx_rvalue_references
    Feature record: CXX_FEATURE:1cxx_sizeof_member
    Feature record: CXX_FEATURE:1cxx_static_assert
    Feature record: CXX_FEATURE:1cxx_strong_enums
    Feature record: CXX_FEATURE:1cxx_template_template_parameters
    Feature record: CXX_FEATURE:1cxx_thread_local
    Feature record: CXX_FEATURE:1cxx_trailing_return_types
    Feature record: CXX_FEATURE:1cxx_unicode_literals
    Feature record: CXX_FEATURE:1cxx_uniform_initialization
    Feature record: CXX_FEATURE:1cxx_unrestricted_unions
    Feature record: CXX_FEATURE:1cxx_user_literals
    Feature record: CXX_FEATURE:0cxx_variable_templates
    Feature record: CXX_FEATURE:1cxx_variadic_macros
    Feature record: CXX_FEATURE:1cxx_variadic_templates


Detecting CXX [-std=c++11] compiler features compiled with the following output:
Change Dir: /media/windows/win2/Research/llvm_release_build/CMakeFiles/CMakeTmp

Run Build Command:"/usr/bin/ninja" "cmTC_9aad0"
[1/2] Building CXX object CMakeFiles/cmTC_9aad0.dir/feature_tests.cxx.o
[2/2] Linking CXX executable cmTC_9aad0


    Feature record: CXX_FEATURE:0cxx_aggregate_default_initializers
    Feature record: CXX_FEATURE:1cxx_alias_templates
    Feature record: CXX_FEATURE:1cxx_alignas
    Feature record: CXX_FEATURE:1cxx_alignof
    Feature record: CXX_FEATURE:1cxx_attributes
    Feature record: CXX_FEATURE:0cxx_attribute_deprecated
    Feature record: CXX_FEATURE:1cxx_auto_type
    Feature record: CXX_FEATURE:0cxx_binary_literals
    Feature record: CXX_FEATURE:1cxx_constexpr
    Feature record: CXX_FEATURE:0cxx_contextual_conversions
    Feature record: CXX_FEATURE:1cxx_decltype
    Feature record: CXX_FEATURE:0cxx_decltype_auto
    Feature record: CXX_FEATURE:1cxx_decltype_incomplete_return_types
    Feature record: CXX_FEATURE:1cxx_default_function_template_args
    Feature record: CXX_FEATURE:1cxx_defaulted_functions
    Feature record: CXX_FEATURE:1cxx_defaulted_move_initializers
    Feature record: CXX_FEATURE:1cxx_delegating_constructors
    Feature record: CXX_FEATURE:1cxx_deleted_functions
    Feature record: CXX_FEATURE:0cxx_digit_separators
    Feature record: CXX_FEATURE:1cxx_enum_forward_declarations
    Feature record: CXX_FEATURE:1cxx_explicit_conversions
    Feature record: CXX_FEATURE:1cxx_extended_friend_declarations
    Feature record: CXX_FEATURE:1cxx_extern_templates
    Feature record: CXX_FEATURE:1cxx_final
    Feature record: CXX_FEATURE:1cxx_func_identifier
    Feature record: CXX_FEATURE:1cxx_generalized_initializers
    Feature record: CXX_FEATURE:0cxx_generic_lambdas
    Feature record: CXX_FEATURE:1cxx_inheriting_constructors
    Feature record: CXX_FEATURE:1cxx_inline_namespaces
    Feature record: CXX_FEATURE:1cxx_lambdas
    Feature record: CXX_FEATURE:0cxx_lambda_init_captures
    Feature record: CXX_FEATURE:1cxx_local_type_template_args
    Feature record: CXX_FEATURE:1cxx_long_long_type
    Feature record: CXX_FEATURE:1cxx_noexcept
    Feature record: CXX_FEATURE:1cxx_nonstatic_member_init
    Feature record: CXX_FEATURE:1cxx_nullptr
    Feature record: CXX_FEATURE:1cxx_override
    Feature record: CXX_FEATURE:1cxx_range_for
    Feature record: CXX_FEATURE:1cxx_raw_string_literals
    Feature record: CXX_FEATURE:1cxx_reference_qualified_functions
    Feature record: CXX_FEATURE:0cxx_relaxed_constexpr
    Feature record: CXX_FEATURE:0cxx_return_type_deduction
    Feature record: CXX_FEATURE:1cxx_right_angle_brackets
    Feature record: CXX_FEATURE:1cxx_rvalue_references
    Feature record: CXX_FEATURE:1cxx_sizeof_member
    Feature record: CXX_FEATURE:1cxx_static_assert
    Feature record: CXX_FEATURE:1cxx_strong_enums
    Feature record: CXX_FEATURE:1cxx_template_template_parameters
    Feature record: CXX_FEATURE:1cxx_thread_local
    Feature record: CXX_FEATURE:1cxx_trailing_return_types
    Feature record: CXX_FEATURE:1cxx_unicode_literals
    Feature record: CXX_FEATURE:1cxx_uniform_initialization
    Feature record: CXX_FEATURE:1cxx_unrestricted_unions
    Feature record: CXX_FEATURE:1cxx_user_literals
    Feature record: CXX_FEATURE:0cxx_variable_templates
    Feature record: CXX_FEATURE:1cxx_variadic_macros
    Feature record: CXX_FEATURE:1cxx_variadic_templates


Detecting CXX [-std=c++98] compiler features compiled with the following output:
Change Dir: /media/windows/win2/Research/llvm_release_build/CMakeFiles/CMakeTmp

Run Build Command:"/usr/bin/ninja" "cmTC_ed009"
[1/2] Building CXX object CMakeFiles/cmTC_ed009.dir/feature_tests.cxx.o
[2/2] Linking CXX executable cmTC_ed009


    Feature record: CXX_FEATURE:0cxx_aggregate_default_initializers
    Feature record: CXX_FEATURE:0cxx_alias_templates
    Feature record: CXX_FEATURE:0cxx_alignas
    Feature record: CXX_FEATURE:0cxx_alignof
    Feature record: CXX_FEATURE:0cxx_attributes
    Feature record: CXX_FEATURE:0cxx_attribute_deprecated
    Feature record: CXX_FEATURE:0cxx_auto_type
    Feature record: CXX_FEATURE:0cxx_binary_literals
    Feature record: CXX_FEATURE:0cxx_constexpr
    Feature record: CXX_FEATURE:0cxx_contextual_conversions
    Feature record: CXX_FEATURE:0cxx_decltype
    Feature record: CXX_FEATURE:0cxx_decltype_auto
    Feature record: CXX_FEATURE:0cxx_decltype_incomplete_return_types
    Feature record: CXX_FEATURE:0cxx_default_function_template_args
    Feature record: CXX_FEATURE:0cxx_defaulted_functions
    Feature record: CXX_FEATURE:0cxx_defaulted_move_initializers
    Feature record: CXX_FEATURE:0cxx_delegating_constructors
    Feature record: CXX_FEATURE:0cxx_deleted_functions
    Feature record: CXX_FEATURE:0cxx_digit_separators
    Feature record: CXX_FEATURE:0cxx_enum_forward_declarations
    Feature record: CXX_FEATURE:0cxx_explicit_conversions
    Feature record: CXX_FEATURE:0cxx_extended_friend_declarations
    Feature record: CXX_FEATURE:0cxx_extern_templates
    Feature record: CXX_FEATURE:0cxx_final
    Feature record: CXX_FEATURE:0cxx_func_identifier
    Feature record: CXX_FEATURE:0cxx_generalized_initializers
    Feature record: CXX_FEATURE:0cxx_generic_lambdas
    Feature record: CXX_FEATURE:0cxx_inheriting_constructors
    Feature record: CXX_FEATURE:0cxx_inline_namespaces
    Feature record: CXX_FEATURE:0cxx_lambdas
    Feature record: CXX_FEATURE:0cxx_lambda_init_captures
    Feature record: CXX_FEATURE:0cxx_local_type_template_args
    Feature record: CXX_FEATURE:0cxx_long_long_type
    Feature record: CXX_FEATURE:0cxx_noexcept
    Feature record: CXX_FEATURE:0cxx_nonstatic_member_init
    Feature record: CXX_FEATURE:0cxx_nullptr
    Feature record: CXX_FEATURE:0cxx_override
    Feature record: CXX_FEATURE:0cxx_range_for
    Feature record: CXX_FEATURE:0cxx_raw_string_literals
    Feature record: CXX_FEATURE:0cxx_reference_qualified_functions
    Feature record: CXX_FEATURE:0cxx_relaxed_constexpr
    Feature record: CXX_FEATURE:0cxx_return_type_deduction
    Feature record: CXX_FEATURE:0cxx_right_angle_brackets
    Feature record: CXX_FEATURE:0cxx_rvalue_references
    Feature record: CXX_FEATURE:0cxx_sizeof_member
    Feature record: CXX_FEATURE:0cxx_static_assert
    Feature record: CXX_FEATURE:0cxx_strong_enums
    Feature record: CXX_FEATURE:1cxx_template_template_parameters
    Feature record: CXX_FEATURE:0cxx_thread_local
    Feature record: CXX_FEATURE:0cxx_trailing_return_types
    Feature record: CXX_FEATURE:0cxx_unicode_literals
    Feature record: CXX_FEATURE:0cxx_uniform_initialization
    Feature record: CXX_FEATURE:0cxx_unrestricted_unions
    Feature record: CXX_FEATURE:0cxx_user_literals
    Feature record: CXX_FEATURE:0cxx_variable_templates
    Feature record: CXX_FEATURE:0cxx_variadic_macros
    Feature record: CXX_FEATURE:0cxx_variadic_templates
Determining if the include file dirent.h exists passed with the following output:
Change Dir: /media/windows/win2/Research/llvm_release_build/CMakeFiles/CMakeTmp

Run Build Command:"/usr/bin/ninja" "cmTC_0f77f"
[1/2] Building C object CMakeFiles/cmTC_0f77f.dir/CheckIncludeFile.c.o
[2/2] Linking C executable cmTC_0f77f


Determining if the include file dlfcn.h exists passed with the following output:
Change Dir: /media/windows/win2/Research/llvm_release_build/CMakeFiles/CMakeTmp

Run Build Command:"/usr/bin/ninja" "cmTC_b20c1"
[1/2] Building C object CMakeFiles/cmTC_b20c1.dir/CheckIncludeFile.c.o
[2/2] Linking C executable cmTC_b20c1


Determining if the include file errno.h exists passed with the following output:
Change Dir: /media/windows/win2/Research/llvm_release_build/CMakeFiles/CMakeTmp

Run Build Command:"/usr/bin/ninja" "cmTC_7ab3e"
[1/2] Building C object CMakeFiles/cmTC_7ab3e.dir/CheckIncludeFile.c.o
[2/2] Linking C executable cmTC_7ab3e


Determining if the include file execinfo.h exists passed with the following output:
Change Dir: /media/windows/win2/Research/llvm_release_build/CMakeFiles/CMakeTmp

Run Build Command:"/usr/bin/ninja" "cmTC_ce637"
[1/2] Building C object CMakeFiles/cmTC_ce637.dir/CheckIncludeFile.c.o
[2/2] Linking C executable cmTC_ce637


Determining if the include file fcntl.h exists passed with the following output:
Change Dir: /media/windows/win2/Research/llvm_release_build/CMakeFiles/CMakeTmp

Run Build Command:"/usr/bin/ninja" "cmTC_4c711"
[1/2] Building C object CMakeFiles/cmTC_4c711.dir/CheckIncludeFile.c.o
[2/2] Linking C executable cmTC_4c711


Determining if the include file inttypes.h exists passed with the following output:
Change Dir: /media/windows/win2/Research/llvm_release_build/CMakeFiles/CMakeTmp

Run Build Command:"/usr/bin/ninja" "cmTC_27136"
[1/2] Building C object CMakeFiles/cmTC_27136.dir/CheckIncludeFile.c.o
[2/2] Linking C executable cmTC_27136


Determining if the include file link.h exists passed with the following output:
Change Dir: /media/windows/win2/Research/llvm_release_build/CMakeFiles/CMakeTmp

Run Build Command:"/usr/bin/ninja" "cmTC_a3ec9"
[1/2] Building C object CMakeFiles/cmTC_a3ec9.dir/CheckIncludeFile.c.o
[2/2] Linking C executable cmTC_a3ec9


Determining if the include file malloc.h exists passed with the following output:
Change Dir: /media/windows/win2/Research/llvm_release_build/CMakeFiles/CMakeTmp

Run Build Command:"/usr/bin/ninja" "cmTC_05d69"
[1/2] Building C object CMakeFiles/cmTC_05d69.dir/CheckIncludeFile.c.o
[2/2] Linking C executable cmTC_05d69


Determining if the include file pthread.h exists passed with the following output:
Change Dir: /media/windows/win2/Research/llvm_release_build/CMakeFiles/CMakeTmp

Run Build Command:"/usr/bin/ninja" "cmTC_4c20e"
[1/2] Building C object CMakeFiles/cmTC_4c20e.dir/CheckIncludeFile.c.o
[2/2] Linking C executable cmTC_4c20e


Determining if the include file signal.h exists passed with the following output:
Change Dir: /media/windows/win2/Research/llvm_release_build/CMakeFiles/CMakeTmp

Run Build Command:"/usr/bin/ninja" "cmTC_f1132"
[1/2] Building C object CMakeFiles/cmTC_f1132.dir/CheckIncludeFile.c.o
[2/2] Linking C executable cmTC_f1132


Determining if the include file stdint.h exists passed with the following output:
Change Dir: /media/windows/win2/Research/llvm_release_build/CMakeFiles/CMakeTmp

Run Build Command:"/usr/bin/ninja" "cmTC_4ce2a"
[1/2] Building C object CMakeFiles/cmTC_4ce2a.dir/CheckIncludeFile.c.o
[2/2] Linking C executable cmTC_4ce2a


Determining if the include file sys/dir.h exists passed with the following output:
Change Dir: /media/windows/win2/Research/llvm_release_build/CMakeFiles/CMakeTmp

Run Build Command:"/usr/bin/ninja" "cmTC_7bcf0"
[1/2] Building C object CMakeFiles/cmTC_7bcf0.dir/CheckIncludeFile.c.o
[2/2] Linking C executable cmTC_7bcf0


Determining if the include file sys/ioctl.h exists passed with the following output:
Change Dir: /media/windows/win2/Research/llvm_release_build/CMakeFiles/CMakeTmp

Run Build Command:"/usr/bin/ninja" "cmTC_ea91e"
[1/2] Building C object CMakeFiles/cmTC_ea91e.dir/CheckIncludeFile.c.o
[2/2] Linking C executable cmTC_ea91e


Determining if the include file sys/mman.h exists passed with the following output:
Change Dir: /media/windows/win2/Research/llvm_release_build/CMakeFiles/CMakeTmp

Run Build Command:"/usr/bin/ninja" "cmTC_f3418"
[1/2] Building C object CMakeFiles/cmTC_f3418.dir/CheckIncludeFile.c.o
[2/2] Linking C executable cmTC_f3418


Determining if the include file sys/param.h exists passed with the following output:
Change Dir: /media/windows/win2/Research/llvm_release_build/CMakeFiles/CMakeTmp

Run Build Command:"/usr/bin/ninja" "cmTC_26aa5"
[1/2] Building C object CMakeFiles/cmTC_26aa5.dir/CheckIncludeFile.c.o
[2/2] Linking C executable cmTC_26aa5


Determining if the include file sys/resource.h exists passed with the following output:
Change Dir: /media/windows/win2/Research/llvm_release_build/CMakeFiles/CMakeTmp

Run Build Command:"/usr/bin/ninja" "cmTC_1eb6d"
[1/2] Building C object CMakeFiles/cmTC_1eb6d.dir/CheckIncludeFile.c.o
[2/2] Linking C executable cmTC_1eb6d


Determining if the include file sys/stat.h exists passed with the following output:
Change Dir: /media/windows/win2/Research/llvm_release_build/CMakeFiles/CMakeTmp

Run Build Command:"/usr/bin/ninja" "cmTC_c4fad"
[1/2] Building C object CMakeFiles/cmTC_c4fad.dir/CheckIncludeFile.c.o
[2/2] Linking C executable cmTC_c4fad


Determining if the include file sys/time.h exists passed with the following output:
Change Dir: /media/windows/win2/Research/llvm_release_build/CMakeFiles/CMakeTmp

Run Build Command:"/usr/bin/ninja" "cmTC_a0ed6"
[1/2] Building C object CMakeFiles/cmTC_a0ed6.dir/CheckIncludeFile.c.o
[2/2] Linking C executable cmTC_a0ed6


Determining if the include file sys/types.h exists passed with the following output:
Change Dir: /media/windows/win2/Research/llvm_release_build/CMakeFiles/CMakeTmp

Run Build Command:"/usr/bin/ninja" "cmTC_61946"
[1/2] Building C object CMakeFiles/cmTC_61946.dir/CheckIncludeFile.c.o
[2/2] Linking C executable cmTC_61946


Determining if the include file sys/uio.h exists passed with the following output:
Change Dir: /media/windows/win2/Research/llvm_release_build/CMakeFiles/CMakeTmp

Run Build Command:"/usr/bin/ninja" "cmTC_6e28d"
[1/2] Building C object CMakeFiles/cmTC_6e28d.dir/CheckIncludeFile.c.o
[2/2] Linking C executable cmTC_6e28d


Determining if the include file termios.h exists passed with the following output:
Change Dir: /media/windows/win2/Research/llvm_release_build/CMakeFiles/CMakeTmp

Run Build Command:"/usr/bin/ninja" "cmTC_21c7d"
[1/2] Building C object CMakeFiles/cmTC_21c7d.dir/CheckIncludeFile.c.o
[2/2] Linking C executable cmTC_21c7d


Determining if the include file unistd.h exists passed with the following output:
Change Dir: /media/windows/win2/Research/llvm_release_build/CMakeFiles/CMakeTmp

Run Build Command:"/usr/bin/ninja" "cmTC_78bc8"
[1/2] Building C object CMakeFiles/cmTC_78bc8.dir/CheckIncludeFile.c.o
[2/2] Linking C executable cmTC_78bc8


Determining if the include file zlib.h exists passed with the following output:
Change Dir: /media/windows/win2/Research/llvm_release_build/CMakeFiles/CMakeTmp

Run Build Command:"/usr/bin/ninja" "cmTC_e447c"
[1/2] Building C object CMakeFiles/cmTC_e447c.dir/CheckIncludeFile.c.o
[2/2] Linking C executable cmTC_e447c


Determining if the include file fenv.h exists passed with the following output:
Change Dir: /media/windows/win2/Research/llvm_release_build/CMakeFiles/CMakeTmp

Run Build Command:"/usr/bin/ninja" "cmTC_e5461"
[1/2] Building C object CMakeFiles/cmTC_e5461.dir/CheckIncludeFile.c.o
[2/2] Linking C executable cmTC_e5461


Determining if the FE_ALL_EXCEPT exist passed with the following output:
Change Dir: /media/windows/win2/Research/llvm_release_build/CMakeFiles/CMakeTmp

Run Build Command:"/usr/bin/ninja" "cmTC_23d21"
[1/2] Building C object CMakeFiles/cmTC_23d21.dir/CheckSymbolExists.c.o
[2/2] Linking C executable cmTC_23d21

File /media/windows/win2/Research/llvm_release_build/CMakeFiles/CMakeTmp/CheckSymbolExists.c:
/* */
#include <fenv.h>

int main(int argc, char** argv)
{
  (void)argv;
#ifndef FE_ALL_EXCEPT
  return ((int*)(&FE_ALL_EXCEPT))[argc];
#else
  (void)argc;
  return 0;
#endif
}

Determining if the FE_INEXACT exist passed with the following output:
Change Dir: /media/windows/win2/Research/llvm_release_build/CMakeFiles/CMakeTmp

Run Build Command:"/usr/bin/ninja" "cmTC_8dd9c"
[1/2] Building C object CMakeFiles/cmTC_8dd9c.dir/CheckSymbolExists.c.o
[2/2] Linking C executable cmTC_8dd9c

File /media/windows/win2/Research/llvm_release_build/CMakeFiles/CMakeTmp/CheckSymbolExists.c:
/* */
#include <fenv.h>

int main(int argc, char** argv)
{
  (void)argv;
#ifndef FE_INEXACT
  return ((int*)(&FE_INEXACT))[argc];
#else
  (void)argc;
  return 0;
#endif
}

Determining if the include file linux/magic.h exists passed with the following output:
Change Dir: /media/windows/win2/Research/llvm_release_build/CMakeFiles/CMakeTmp

Run Build Command:"/usr/bin/ninja" "cmTC_5f00c"
[1/2] Building C object CMakeFiles/cmTC_5f00c.dir/CheckIncludeFile.c.o
[2/2] Linking C executable cmTC_5f00c


Determining if the function pthread_create exists in the pthread passed with the following output:
Change Dir: /media/windows/win2/Research/llvm_release_build/CMakeFiles/CMakeTmp

Run Build Command:"/usr/bin/ninja" "cmTC_74313"
[1/2] Building C object CMakeFiles/cmTC_74313.dir/CheckFunctionExists.c.o
[2/2] Linking C executable cmTC_74313


Determining if the function pthread_getspecific exists in the pthread passed with the following output:
Change Dir: /media/windows/win2/Research/llvm_release_build/CMakeFiles/CMakeTmp

Run Build Command:"/usr/bin/ninja" "cmTC_1e641"
[1/2] Building C object CMakeFiles/cmTC_1e641.dir/CheckFunctionExists.c.o
[2/2] Linking C executable cmTC_1e641


Determining if the function pthread_rwlock_init exists in the pthread passed with the following output:
Change Dir: /media/windows/win2/Research/llvm_release_build/CMakeFiles/CMakeTmp

Run Build Command:"/usr/bin/ninja" "cmTC_09e7c"
[1/2] Building C object CMakeFiles/cmTC_09e7c.dir/CheckFunctionExists.c.o
[2/2] Linking C executable cmTC_09e7c


Determining if the function pthread_mutex_lock exists in the pthread passed with the following output:
Change Dir: /media/windows/win2/Research/llvm_release_build/CMakeFiles/CMakeTmp

Run Build Command:"/usr/bin/ninja" "cmTC_82d43"
[1/2] Building C object CMakeFiles/cmTC_82d43.dir/CheckFunctionExists.c.o
[2/2] Linking C executable cmTC_82d43


Determining if the function dlopen exists in the dl passed with the following output:
Change Dir: /media/windows/win2/Research/llvm_release_build/CMakeFiles/CMakeTmp

Run Build Command:"/usr/bin/ninja" "cmTC_6939c"
[1/2] Building C object CMakeFiles/cmTC_6939c.dir/CheckFunctionExists.c.o
[2/2] Linking C executable cmTC_6939c


Determining if the function clock_gettime exists in the rt passed with the following output:
Change Dir: /media/windows/win2/Research/llvm_release_build/CMakeFiles/CMakeTmp

Run Build Command:"/usr/bin/ninja" "cmTC_9a2b1"
[1/2] Building C object CMakeFiles/cmTC_9a2b1.dir/CheckFunctionExists.c.o
[2/2] Linking C executable cmTC_9a2b1


Determining if the include file pthread.h exists passed with the following output:
Change Dir: /media/windows/win2/Research/llvm_release_build/CMakeFiles/CMakeTmp

Run Build Command:"/usr/bin/ninja" "cmTC_dac77"
[1/2] Building C object CMakeFiles/cmTC_dac77.dir/CheckIncludeFile.c.o
[2/2] Linking C executable cmTC_dac77


Determining if the function pthread_create exists in the pthread passed with the following output:
Change Dir: /media/windows/win2/Research/llvm_release_build/CMakeFiles/CMakeTmp

Run Build Command:"/usr/bin/ninja" "cmTC_b40af"
[1/2] Building C object CMakeFiles/cmTC_b40af.dir/CheckFunctionExists.c.o
[2/2] Linking C executable cmTC_b40af


Determining if the function compress2 exists in the z passed with the following output:
Change Dir: /media/windows/win2/Research/llvm_release_build/CMakeFiles/CMakeTmp

Run Build Command:"/usr/bin/ninja" "cmTC_476d9"
[1/2] Building C object CMakeFiles/cmTC_476d9.dir/CheckFunctionExists.c.o
[2/2] Linking C executable cmTC_476d9


Determining if the function setupterm exists in the tinfo passed with the following output:
Change Dir: /media/windows/win2/Research/llvm_release_build/CMakeFiles/CMakeTmp

Run Build Command:"/usr/bin/ninja" "cmTC_5e2b2"
[1/2] Building C object CMakeFiles/cmTC_5e2b2.dir/CheckFunctionExists.c.o
[2/2] Linking C executable cmTC_5e2b2


Determining if the backtrace exist passed with the following output:
Change Dir: /media/windows/win2/Research/llvm_release_build/CMakeFiles/CMakeTmp

Run Build Command:"/usr/bin/ninja" "cmTC_f1773"
[1/2] Building C object CMakeFiles/cmTC_f1773.dir/CheckSymbolExists.c.o
[2/2] Linking C executable cmTC_f1773

File /media/windows/win2/Research/llvm_release_build/CMakeFiles/CMakeTmp/CheckSymbolExists.c:
/* */
#include <execinfo.h>

int main(int argc, char** argv)
{
  (void)argv;
#ifndef backtrace
  return ((int*)(&backtrace))[argc];
#else
  (void)argc;
  return 0;
#endif
}

Determining if the _Unwind_Backtrace exist passed with the following output:
Change Dir: /media/windows/win2/Research/llvm_release_build/CMakeFiles/CMakeTmp

Run Build Command:"/usr/bin/ninja" "cmTC_4e6ff"
[1/2] Building C object CMakeFiles/cmTC_4e6ff.dir/CheckSymbolExists.c.o
[2/2] Linking C executable cmTC_4e6ff

File /media/windows/win2/Research/llvm_release_build/CMakeFiles/CMakeTmp/CheckSymbolExists.c:
/* */
#include <unwind.h>

int main(int argc, char** argv)
{
  (void)argv;
#ifndef _Unwind_Backtrace
  return ((int*)(&_Unwind_Backtrace))[argc];
#else
  (void)argc;
  return 0;
#endif
}

Determining if the getpagesize exist passed with the following output:
Change Dir: /media/windows/win2/Research/llvm_release_build/CMakeFiles/CMakeTmp

Run Build Command:"/usr/bin/ninja" "cmTC_6dab7"
[1/2] Building C object CMakeFiles/cmTC_6dab7.dir/CheckSymbolExists.c.o
[2/2] Linking C executable cmTC_6dab7

File /media/windows/win2/Research/llvm_release_build/CMakeFiles/CMakeTmp/CheckSymbolExists.c:
/* */
#include <unistd.h>

int main(int argc, char** argv)
{
  (void)argv;
#ifndef getpagesize
  return ((int*)(&getpagesize))[argc];
#else
  (void)argc;
  return 0;
#endif
}

Determining if the sysconf exist passed with the following output:
Change Dir: /media/windows/win2/Research/llvm_release_build/CMakeFiles/CMakeTmp

Run Build Command:"/usr/bin/ninja" "cmTC_a5c04"
[1/2] Building C object CMakeFiles/cmTC_a5c04.dir/CheckSymbolExists.c.o
[2/2] Linking C executable cmTC_a5c04

File /media/windows/win2/Research/llvm_release_build/CMakeFiles/CMakeTmp/CheckSymbolExists.c:
/* */
#include <unistd.h>

int main(int argc, char** argv)
{
  (void)argv;
#ifndef sysconf
  return ((int*)(&sysconf))[argc];
#else
  (void)argc;
  return 0;
#endif
}

Determining if the getrusage exist passed with the following output:
Change Dir: /media/windows/win2/Research/llvm_release_build/CMakeFiles/CMakeTmp

Run Build Command:"/usr/bin/ninja" "cmTC_dba5a"
[1/2] Building C object CMakeFiles/cmTC_dba5a.dir/CheckSymbolExists.c.o
[2/2] Linking C executable cmTC_dba5a

File /media/windows/win2/Research/llvm_release_build/CMakeFiles/CMakeTmp/CheckSymbolExists.c:
/* */
#include <sys/resource.h>

int main(int argc, char** argv)
{
  (void)argv;
#ifndef getrusage
  return ((int*)(&getrusage))[argc];
#else
  (void)argc;
  return 0;
#endif
}

Determining if the setrlimit exist passed with the following output:
Change Dir: /media/windows/win2/Research/llvm_release_build/CMakeFiles/CMakeTmp

Run Build Command:"/usr/bin/ninja" "cmTC_8c5cb"
[1/2] Building C object CMakeFiles/cmTC_8c5cb.dir/CheckSymbolExists.c.o
[2/2] Linking C executable cmTC_8c5cb

File /media/windows/win2/Research/llvm_release_build/CMakeFiles/CMakeTmp/CheckSymbolExists.c:
/* */
#include <sys/resource.h>

int main(int argc, char** argv)
{
  (void)argv;
#ifndef setrlimit
  return ((int*)(&setrlimit))[argc];
#else
  (void)argc;
  return 0;
#endif
}

Determining if the isatty exist passed with the following output:
Change Dir: /media/windows/win2/Research/llvm_release_build/CMakeFiles/CMakeTmp

Run Build Command:"/usr/bin/ninja" "cmTC_42ef1"
[1/2] Building C object CMakeFiles/cmTC_42ef1.dir/CheckSymbolExists.c.o
[2/2] Linking C executable cmTC_42ef1

File /media/windows/win2/Research/llvm_release_build/CMakeFiles/CMakeTmp/CheckSymbolExists.c:
/* */
#include <unistd.h>

int main(int argc, char** argv)
{
  (void)argv;
#ifndef isatty
  return ((int*)(&isatty))[argc];
#else
  (void)argc;
  return 0;
#endif
}

Determining if the futimens exist passed with the following output:
Change Dir: /media/windows/win2/Research/llvm_release_build/CMakeFiles/CMakeTmp

Run Build Command:"/usr/bin/ninja" "cmTC_4e93b"
[1/2] Building C object CMakeFiles/cmTC_4e93b.dir/CheckSymbolExists.c.o
[2/2] Linking C executable cmTC_4e93b

File /media/windows/win2/Research/llvm_release_build/CMakeFiles/CMakeTmp/CheckSymbolExists.c:
/* */
#include <sys/stat.h>

int main(int argc, char** argv)
{
  (void)argv;
#ifndef futimens
  return ((int*)(&futimens))[argc];
#else
  (void)argc;
  return 0;
#endif
}

Determining if the futimes exist passed with the following output:
Change Dir: /media/windows/win2/Research/llvm_release_build/CMakeFiles/CMakeTmp

Run Build Command:"/usr/bin/ninja" "cmTC_f2d96"
[1/2] Building C object CMakeFiles/cmTC_f2d96.dir/CheckSymbolExists.c.o
[2/2] Linking C executable cmTC_f2d96

File /media/windows/win2/Research/llvm_release_build/CMakeFiles/CMakeTmp/CheckSymbolExists.c:
/* */
#include <sys/time.h>

int main(int argc, char** argv)
{
  (void)argv;
#ifndef futimes
  return ((int*)(&futimes))[argc];
#else
  (void)argc;
  return 0;
#endif
}

Determining if the posix_fallocate exist passed with the following output:
Change Dir: /media/windows/win2/Research/llvm_release_build/CMakeFiles/CMakeTmp

Run Build Command:"/usr/bin/ninja" "cmTC_9d059"
[1/2] Building C object CMakeFiles/cmTC_9d059.dir/CheckSymbolExists.c.o
[2/2] Linking C executable cmTC_9d059

File /media/windows/win2/Research/llvm_release_build/CMakeFiles/CMakeTmp/CheckSymbolExists.c:
/* */
#include <fcntl.h>

int main(int argc, char** argv)
{
  (void)argv;
#ifndef posix_fallocate
  return ((int*)(&posix_fallocate))[argc];
#else
  (void)argc;
  return 0;
#endif
}

Determining if the sigaltstack exist passed with the following output:
Change Dir: /media/windows/win2/Research/llvm_release_build/CMakeFiles/CMakeTmp

Run Build Command:"/usr/bin/ninja" "cmTC_2e4b6"
[1/2] Building C object CMakeFiles/cmTC_2e4b6.dir/CheckSymbolExists.c.o
[2/2] Linking C executable cmTC_2e4b6

File /media/windows/win2/Research/llvm_release_build/CMakeFiles/CMakeTmp/CheckSymbolExists.c:
/* */
#include <signal.h>

int main(int argc, char** argv)
{
  (void)argv;
#ifndef sigaltstack
  return ((int*)(&sigaltstack))[argc];
#else
  (void)argc;
  return 0;
#endif
}

Determining if the writev exist passed with the following output:
Change Dir: /media/windows/win2/Research/llvm_release_build/CMakeFiles/CMakeTmp

Run Build Command:"/usr/bin/ninja" "cmTC_e0170"
[1/2] Building C object CMakeFiles/cmTC_e0170.dir/CheckSymbolExists.c.o
[2/2] Linking C executable cmTC_e0170

File /media/windows/win2/Research/llvm_release_build/CMakeFiles/CMakeTmp/CheckSymbolExists.c:
/* */
#include <sys/uio.h>

int main(int argc, char** argv)
{
  (void)argv;
#ifndef writev
  return ((int*)(&writev))[argc];
#else
  (void)argc;
  return 0;
#endif
}

Determining if the lseek64 exist passed with the following output:
Change Dir: /media/windows/win2/Research/llvm_release_build/CMakeFiles/CMakeTmp

Run Build Command:"/usr/bin/ninja" "cmTC_b4044"
[1/2] Building C object CMakeFiles/cmTC_b4044.dir/CheckSymbolExists.c.o
[2/2] Linking C executable cmTC_b4044

File /media/windows/win2/Research/llvm_release_build/CMakeFiles/CMakeTmp/CheckSymbolExists.c:
/* */
#include <sys/types.h>
#include <unistd.h>

int main(int argc, char** argv)
{
  (void)argv;
#ifndef lseek64
  return ((int*)(&lseek64))[argc];
#else
  (void)argc;
  return 0;
#endif
}

Determining if the mallinfo exist passed with the following output:
Change Dir: /media/windows/win2/Research/llvm_release_build/CMakeFiles/CMakeTmp

Run Build Command:"/usr/bin/ninja" "cmTC_eb44b"
[1/2] Building C object CMakeFiles/cmTC_eb44b.dir/CheckSymbolExists.c.o
[2/2] Linking C executable cmTC_eb44b

File /media/windows/win2/Research/llvm_release_build/CMakeFiles/CMakeTmp/CheckSymbolExists.c:
/* */
#include <malloc.h>

int main(int argc, char** argv)
{
  (void)argv;
#ifndef mallinfo
  return ((int*)(&mallinfo))[argc];
#else
  (void)argc;
  return 0;
#endif
}

Determining if the mkdtemp exist passed with the following output:
Change Dir: /media/windows/win2/Research/llvm_release_build/CMakeFiles/CMakeTmp

Run Build Command:"/usr/bin/ninja" "cmTC_2d28b"
[1/2] Building C object CMakeFiles/cmTC_2d28b.dir/CheckSymbolExists.c.o
[2/2] Linking C executable cmTC_2d28b

File /media/windows/win2/Research/llvm_release_build/CMakeFiles/CMakeTmp/CheckSymbolExists.c:
/* */
#include <stdlib.h>
#include <unistd.h>

int main(int argc, char** argv)
{
  (void)argv;
#ifndef mkdtemp
  return ((int*)(&mkdtemp))[argc];
#else
  (void)argc;
  return 0;
#endif
}

Determining if the mkstemp exist passed with the following output:
Change Dir: /media/windows/win2/Research/llvm_release_build/CMakeFiles/CMakeTmp

Run Build Command:"/usr/bin/ninja" "cmTC_d5fb0"
[1/2] Building C object CMakeFiles/cmTC_d5fb0.dir/CheckSymbolExists.c.o
[2/2] Linking C executable cmTC_d5fb0

File /media/windows/win2/Research/llvm_release_build/CMakeFiles/CMakeTmp/CheckSymbolExists.c:
/* */
#include <stdlib.h>
#include <unistd.h>

int main(int argc, char** argv)
{
  (void)argv;
#ifndef mkstemp
  return ((int*)(&mkstemp))[argc];
#else
  (void)argc;
  return 0;
#endif
}

Determining if the mktemp exist passed with the following output:
Change Dir: /media/windows/win2/Research/llvm_release_build/CMakeFiles/CMakeTmp

Run Build Command:"/usr/bin/ninja" "cmTC_5a015"
[1/2] Building C object CMakeFiles/cmTC_5a015.dir/CheckSymbolExists.c.o
[2/2] Linking C executable cmTC_5a015
CMakeFiles/cmTC_5a015.dir/CheckSymbolExists.c.o: In function `main':
CheckSymbolExists.c:(.text+0x16): warning: the use of `mktemp' is dangerous, better use `mkstemp' or `mkdtemp'

File /media/windows/win2/Research/llvm_release_build/CMakeFiles/CMakeTmp/CheckSymbolExists.c:
/* */
#include <stdlib.h>
#include <unistd.h>

int main(int argc, char** argv)
{
  (void)argv;
#ifndef mktemp
  return ((int*)(&mktemp))[argc];
#else
  (void)argc;
  return 0;
#endif
}

Determining if the getcwd exist passed with the following output:
Change Dir: /media/windows/win2/Research/llvm_release_build/CMakeFiles/CMakeTmp

Run Build Command:"/usr/bin/ninja" "cmTC_64ff0"
[1/2] Building C object CMakeFiles/cmTC_64ff0.dir/CheckSymbolExists.c.o
[2/2] Linking C executable cmTC_64ff0

File /media/windows/win2/Research/llvm_release_build/CMakeFiles/CMakeTmp/CheckSymbolExists.c:
/* */
#include <unistd.h>

int main(int argc, char** argv)
{
  (void)argv;
#ifndef getcwd
  return ((int*)(&getcwd))[argc];
#else
  (void)argc;
  return 0;
#endif
}

Determining if the gettimeofday exist passed with the following output:
Change Dir: /media/windows/win2/Research/llvm_release_build/CMakeFiles/CMakeTmp

Run Build Command:"/usr/bin/ninja" "cmTC_fc33b"
[1/2] Building C object CMakeFiles/cmTC_fc33b.dir/CheckSymbolExists.c.o
[2/2] Linking C executable cmTC_fc33b

File /media/windows/win2/Research/llvm_release_build/CMakeFiles/CMakeTmp/CheckSymbolExists.c:
/* */
#include <sys/time.h>

int main(int argc, char** argv)
{
  (void)argv;
#ifndef gettimeofday
  return ((int*)(&gettimeofday))[argc];
#else
  (void)argc;
  return 0;
#endif
}

Determining if the getrlimit exist passed with the following output:
Change Dir: /media/windows/win2/Research/llvm_release_build/CMakeFiles/CMakeTmp

Run Build Command:"/usr/bin/ninja" "cmTC_5f35e"
[1/2] Building C object CMakeFiles/cmTC_5f35e.dir/CheckSymbolExists.c.o
[2/2] Linking C executable cmTC_5f35e

File /media/windows/win2/Research/llvm_release_build/CMakeFiles/CMakeTmp/CheckSymbolExists.c:
/* */
#include <sys/types.h>
#include <sys/time.h>
#include <sys/resource.h>

int main(int argc, char** argv)
{
  (void)argv;
#ifndef getrlimit
  return ((int*)(&getrlimit))[argc];
#else
  (void)argc;
  return 0;
#endif
}

Determining if the posix_spawn exist passed with the following output:
Change Dir: /media/windows/win2/Research/llvm_release_build/CMakeFiles/CMakeTmp

Run Build Command:"/usr/bin/ninja" "cmTC_9baa6"
[1/2] Building C object CMakeFiles/cmTC_9baa6.dir/CheckSymbolExists.c.o
[2/2] Linking C executable cmTC_9baa6

File /media/windows/win2/Research/llvm_release_build/CMakeFiles/CMakeTmp/CheckSymbolExists.c:
/* */
#include <spawn.h>

int main(int argc, char** argv)
{
  (void)argv;
#ifndef posix_spawn
  return ((int*)(&posix_spawn))[argc];
#else
  (void)argc;
  return 0;
#endif
}

Determining if the pread exist passed with the following output:
Change Dir: /media/windows/win2/Research/llvm_release_build/CMakeFiles/CMakeTmp

Run Build Command:"/usr/bin/ninja" "cmTC_2979e"
[1/2] Building C object CMakeFiles/cmTC_2979e.dir/CheckSymbolExists.c.o
[2/2] Linking C executable cmTC_2979e

File /media/windows/win2/Research/llvm_release_build/CMakeFiles/CMakeTmp/CheckSymbolExists.c:
/* */
#include <unistd.h>

int main(int argc, char** argv)
{
  (void)argv;
#ifndef pread
  return ((int*)(&pread))[argc];
#else
  (void)argc;
  return 0;
#endif
}

Determining if the realpath exist passed with the following output:
Change Dir: /media/windows/win2/Research/llvm_release_build/CMakeFiles/CMakeTmp

Run Build Command:"/usr/bin/ninja" "cmTC_85138"
[1/2] Building C object CMakeFiles/cmTC_85138.dir/CheckSymbolExists.c.o
[2/2] Linking C executable cmTC_85138

File /media/windows/win2/Research/llvm_release_build/CMakeFiles/CMakeTmp/CheckSymbolExists.c:
/* */
#include <stdlib.h>

int main(int argc, char** argv)
{
  (void)argv;
#ifndef realpath
  return ((int*)(&realpath))[argc];
#else
  (void)argc;
  return 0;
#endif
}

Determining if the sbrk exist passed with the following output:
Change Dir: /media/windows/win2/Research/llvm_release_build/CMakeFiles/CMakeTmp

Run Build Command:"/usr/bin/ninja" "cmTC_25f99"
[1/2] Building C object CMakeFiles/cmTC_25f99.dir/CheckSymbolExists.c.o
[2/2] Linking C executable cmTC_25f99

File /media/windows/win2/Research/llvm_release_build/CMakeFiles/CMakeTmp/CheckSymbolExists.c:
/* */
#include <unistd.h>

int main(int argc, char** argv)
{
  (void)argv;
#ifndef sbrk
  return ((int*)(&sbrk))[argc];
#else
  (void)argc;
  return 0;
#endif
}

Determining if the strtoll exist passed with the following output:
Change Dir: /media/windows/win2/Research/llvm_release_build/CMakeFiles/CMakeTmp

Run Build Command:"/usr/bin/ninja" "cmTC_62066"
[1/2] Building C object CMakeFiles/cmTC_62066.dir/CheckSymbolExists.c.o
[2/2] Linking C executable cmTC_62066

File /media/windows/win2/Research/llvm_release_build/CMakeFiles/CMakeTmp/CheckSymbolExists.c:
/* */
#include <stdlib.h>

int main(int argc, char** argv)
{
  (void)argv;
#ifndef strtoll
  return ((int*)(&strtoll))[argc];
#else
  (void)argc;
  return 0;
#endif
}

Determining if the strerror exist passed with the following output:
Change Dir: /media/windows/win2/Research/llvm_release_build/CMakeFiles/CMakeTmp

Run Build Command:"/usr/bin/ninja" "cmTC_59e18"
[1/2] Building C object CMakeFiles/cmTC_59e18.dir/CheckSymbolExists.c.o
[2/2] Linking C executable cmTC_59e18

File /media/windows/win2/Research/llvm_release_build/CMakeFiles/CMakeTmp/CheckSymbolExists.c:
/* */
#include <string.h>

int main(int argc, char** argv)
{
  (void)argv;
#ifndef strerror
  return ((int*)(&strerror))[argc];
#else
  (void)argc;
  return 0;
#endif
}

Determining if the strerror_r exist passed with the following output:
Change Dir: /media/windows/win2/Research/llvm_release_build/CMakeFiles/CMakeTmp

Run Build Command:"/usr/bin/ninja" "cmTC_5ecec"
[1/2] Building C object CMakeFiles/cmTC_5ecec.dir/CheckSymbolExists.c.o
[2/2] Linking C executable cmTC_5ecec

File /media/windows/win2/Research/llvm_release_build/CMakeFiles/CMakeTmp/CheckSymbolExists.c:
/* */
#include <string.h>

int main(int argc, char** argv)
{
  (void)argv;
#ifndef strerror_r
  return ((int*)(&strerror_r))[argc];
#else
  (void)argc;
  return 0;
#endif
}

Determining if the setenv exist passed with the following output:
Change Dir: /media/windows/win2/Research/llvm_release_build/CMakeFiles/CMakeTmp

Run Build Command:"/usr/bin/ninja" "cmTC_198a5"
[1/2] Building C object CMakeFiles/cmTC_198a5.dir/CheckSymbolExists.c.o
[2/2] Linking C executable cmTC_198a5

File /media/windows/win2/Research/llvm_release_build/CMakeFiles/CMakeTmp/CheckSymbolExists.c:
/* */
#include <stdlib.h>

int main(int argc, char** argv)
{
  (void)argv;
#ifndef setenv
  return ((int*)(&setenv))[argc];
#else
  (void)argc;
  return 0;
#endif
}

Determining if the dlopen exist passed with the following output:
Change Dir: /media/windows/win2/Research/llvm_release_build/CMakeFiles/CMakeTmp

Run Build Command:"/usr/bin/ninja" "cmTC_42117"
[1/2] Building C object CMakeFiles/cmTC_42117.dir/CheckSymbolExists.c.o
[2/2] Linking C executable cmTC_42117

File /media/windows/win2/Research/llvm_release_build/CMakeFiles/CMakeTmp/CheckSymbolExists.c:
/* */
#include <dlfcn.h>

int main(int argc, char** argv)
{
  (void)argv;
#ifndef dlopen
  return ((int*)(&dlopen))[argc];
#else
  (void)argc;
  return 0;
#endif
}

Determining if the __GLIBC__ exist passed with the following output:
Change Dir: /media/windows/win2/Research/llvm_release_build/CMakeFiles/CMakeTmp

Run Build Command:"/usr/bin/ninja" "cmTC_b21c5"
[1/2] Building C object CMakeFiles/cmTC_b21c5.dir/CheckSymbolExists.c.o
[2/2] Linking C executable cmTC_b21c5

File /media/windows/win2/Research/llvm_release_build/CMakeFiles/CMakeTmp/CheckSymbolExists.c:
/* */
#include <stdio.h>

int main(int argc, char** argv)
{
  (void)argv;
#ifndef __GLIBC__
  return ((int*)(&__GLIBC__))[argc];
#else
  (void)argc;
  return 0;
#endif
}

Determining if the function pthread_getname_np exists in the pthread passed with the following output:
Change Dir: /media/windows/win2/Research/llvm_release_build/CMakeFiles/CMakeTmp

Run Build Command:"/usr/bin/ninja" "cmTC_6c05e"
[1/2] Building C object CMakeFiles/cmTC_6c05e.dir/CheckFunctionExists.c.o
[2/2] Linking C executable cmTC_6c05e


Determining if the function pthread_setname_np exists in the pthread passed with the following output:
Change Dir: /media/windows/win2/Research/llvm_release_build/CMakeFiles/CMakeTmp

Run Build Command:"/usr/bin/ninja" "cmTC_ec90a"
[1/2] Building C object CMakeFiles/cmTC_ec90a.dir/CheckFunctionExists.c.o
[2/2] Linking C executable cmTC_ec90a


Performing C++ SOURCE FILE Test HAVE_INT64_T succeeded with the following output:
Change Dir: /media/windows/win2/Research/llvm_release_build/CMakeFiles/CMakeTmp

Run Build Command:"/usr/bin/ninja" "cmTC_834cc"
[1/2] Building CXX object CMakeFiles/cmTC_834cc.dir/src.cxx.o
[2/2] Linking CXX executable cmTC_834cc

Source file was:

    #include<sys/types.h>
#include<inttypes.h>
#include<stdint.h>
 int64_t typeVar;
    int main() {
        return 0;
    }
    
Performing C++ SOURCE FILE Test HAVE_UINT64_T succeeded with the following output:
Change Dir: /media/windows/win2/Research/llvm_release_build/CMakeFiles/CMakeTmp

Run Build Command:"/usr/bin/ninja" "cmTC_e304d"
[1/2] Building CXX object CMakeFiles/cmTC_e304d.dir/src.cxx.o
[2/2] Linking CXX executable cmTC_e304d

Source file was:

    #include<sys/types.h>
#include<inttypes.h>
#include<stdint.h>
 uint64_t typeVar;
    int main() {
        return 0;
    }
    
Performing C++ SOURCE FILE Test HAVE_U_INT64_T succeeded with the following output:
Change Dir: /media/windows/win2/Research/llvm_release_build/CMakeFiles/CMakeTmp

Run Build Command:"/usr/bin/ninja" "cmTC_01b32"
[1/2] Building CXX object CMakeFiles/cmTC_01b32.dir/src.cxx.o
[2/2] Linking CXX executable cmTC_01b32

Source file was:

    #include<sys/types.h>
#include<inttypes.h>
#include<stdint.h>
 u_int64_t typeVar;
    int main() {
        return 0;
    }
    
Performing C++ SOURCE FILE Test HAVE_CXX_ATOMICS_WITHOUT_LIB succeeded with the following output:
Change Dir: /media/windows/win2/Research/llvm_release_build/CMakeFiles/CMakeTmp

Run Build Command:"/usr/bin/ninja" "cmTC_e6ab3"
[1/2] Building CXX object CMakeFiles/cmTC_e6ab3.dir/src.cxx.o
[2/2] Linking CXX executable cmTC_e6ab3

Source file was:

#include <atomic>
std::atomic<int> x;
int main() {
  return x;
}

Performing C++ SOURCE FILE Test HAVE_CXX_ATOMICS64_WITHOUT_LIB succeeded with the following output:
Change Dir: /media/windows/win2/Research/llvm_release_build/CMakeFiles/CMakeTmp

Run Build Command:"/usr/bin/ninja" "cmTC_df5a8"
[1/2] Building CXX object CMakeFiles/cmTC_df5a8.dir/src.cxx.o
[2/2] Linking CXX executable cmTC_df5a8

Source file was:

#include <atomic>
#include <cstdint>
std::atomic<uint64_t> x (0);
int main() {
  uint64_t i = x.load(std::memory_order_relaxed);
  return 0;
}

Performing C++ SOURCE FILE Test LLVM_HAS_ATOMICS succeeded with the following output:
Change Dir: /media/windows/win2/Research/llvm_release_build/CMakeFiles/CMakeTmp

Run Build Command:"/usr/bin/ninja" "cmTC_2a06e"
[1/2] Building CXX object CMakeFiles/cmTC_2a06e.dir/src.cxx.o
[2/2] Linking CXX executable cmTC_2a06e

Source file was:

#ifdef _MSC_VER
#include <Intrin.h> /* Workaround for PR19898. */
#include <windows.h>
#endif
int main() {
#ifdef _MSC_VER
        volatile LONG val = 1;
        MemoryBarrier();
        InterlockedCompareExchange(&val, 0, 1);
        InterlockedIncrement(&val);
        InterlockedDecrement(&val);
#else
        volatile unsigned long val = 1;
        __sync_synchronize();
        __sync_val_compare_and_swap(&val, 1, 0);
        __sync_add_and_fetch(&val, 1);
        __sync_sub_and_fetch(&val, 1);
#endif
        return 0;
      }

Performing C++ SOURCE FILE Test SUPPORTS_VARIADIC_MACROS_FLAG succeeded with the following output:
Change Dir: /media/windows/win2/Research/llvm_release_build/CMakeFiles/CMakeTmp

Run Build Command:"/usr/bin/ninja" "cmTC_b6ecd"
[1/2] Building CXX object CMakeFiles/cmTC_b6ecd.dir/src.cxx.o
[2/2] Linking CXX executable cmTC_b6ecd

Source file was:
int main() { return 0; }
Performing C++ SOURCE FILE Test HAS_MAYBE_UNINITIALIZED succeeded with the following output:
Change Dir: /media/windows/win2/Research/llvm_release_build/CMakeFiles/CMakeTmp

Run Build Command:"/usr/bin/ninja" "cmTC_4a123"
[1/2] Building CXX object CMakeFiles/cmTC_4a123.dir/src.cxx.o
[2/2] Linking CXX executable cmTC_4a123

Source file was:
int main() { return 0; }
Performing C SOURCE FILE Test C_SUPPORTS_FPIC succeeded with the following output:
Change Dir: /media/windows/win2/Research/llvm_release_build/CMakeFiles/CMakeTmp

Run Build Command:"/usr/bin/ninja" "cmTC_446d4"
[1/2] Building C object CMakeFiles/cmTC_446d4.dir/src.c.o
[2/2] Linking C executable cmTC_446d4

Source file was:
int main(void) { return 0; }
Performing C++ SOURCE FILE Test CXX_SUPPORTS_FPIC succeeded with the following output:
Change Dir: /media/windows/win2/Research/llvm_release_build/CMakeFiles/CMakeTmp

Run Build Command:"/usr/bin/ninja" "cmTC_4788b"
[1/2] Building CXX object CMakeFiles/cmTC_4788b.dir/src.cxx.o
[2/2] Linking CXX executable cmTC_4788b

Source file was:
int main() { return 0; }
Performing C++ SOURCE FILE Test SUPPORTS_FVISIBILITY_INLINES_HIDDEN_FLAG succeeded with the following output:
Change Dir: /media/windows/win2/Research/llvm_release_build/CMakeFiles/CMakeTmp

Run Build Command:"/usr/bin/ninja" "cmTC_42932"
[1/2] Building CXX object CMakeFiles/cmTC_42932.dir/src.cxx.o
[2/2] Linking CXX executable cmTC_42932

Source file was:
int main() { return 0; }
Performing C++ SOURCE FILE Test CXX_SUPPORTS_CXX11 succeeded with the following output:
Change Dir: /media/windows/win2/Research/llvm_release_build/CMakeFiles/CMakeTmp

Run Build Command:"/usr/bin/ninja" "cmTC_fc426"
[1/2] Building CXX object CMakeFiles/cmTC_fc426.dir/src.cxx.o
[2/2] Linking CXX executable cmTC_fc426

Source file was:
int main() { return 0; }
Performing C++ SOURCE FILE Test CXX_SUPPORTS_MISSING_FIELD_INITIALIZERS_FLAG succeeded with the following output:
Change Dir: /media/windows/win2/Research/llvm_release_build/CMakeFiles/CMakeTmp

Run Build Command:"/usr/bin/ninja" "cmTC_1145b"
[1/2] Building CXX object CMakeFiles/cmTC_1145b.dir/src.cxx.o
[2/2] Linking CXX executable cmTC_1145b

Source file was:
int main() { return 0; }
Performing C++ SOURCE FILE Test CXX_SUPPORTS_DELETE_NON_VIRTUAL_DTOR_FLAG succeeded with the following output:
Change Dir: /media/windows/win2/Research/llvm_release_build/CMakeFiles/CMakeTmp

Run Build Command:"/usr/bin/ninja" "cmTC_b8371"
[1/2] Building CXX object CMakeFiles/cmTC_b8371.dir/src.cxx.o
[2/2] Linking CXX executable cmTC_b8371

Source file was:
int main() { return 0; }
Performing C SOURCE FILE Test C_SUPPORTS_FNO_FUNCTION_SECTIONS succeeded with the following output:
Change Dir: /media/windows/win2/Research/llvm_release_build/CMakeFiles/CMakeTmp

Run Build Command:"/usr/bin/ninja" "cmTC_22ca6"
[1/2] Building C object CMakeFiles/cmTC_22ca6.dir/src.c.o
[2/2] Linking C executable cmTC_22ca6

Source file was:
int main(void) { return 0; }
Performing C SOURCE FILE Test C_SUPPORTS_FFUNCTION_SECTIONS succeeded with the following output:
Change Dir: /media/windows/win2/Research/llvm_release_build/CMakeFiles/CMakeTmp

Run Build Command:"/usr/bin/ninja" "cmTC_828c2"
[1/2] Building C object CMakeFiles/cmTC_828c2.dir/src.c.o
[2/2] Linking C executable cmTC_828c2

Source file was:
int main(void) { return 0; }
Performing C++ SOURCE FILE Test CXX_SUPPORTS_FFUNCTION_SECTIONS succeeded with the following output:
Change Dir: /media/windows/win2/Research/llvm_release_build/CMakeFiles/CMakeTmp

Run Build Command:"/usr/bin/ninja" "cmTC_cad47"
[1/2] Building CXX object CMakeFiles/cmTC_cad47.dir/src.cxx.o
[2/2] Linking CXX executable cmTC_cad47

Source file was:
int main() { return 0; }
Performing C SOURCE FILE Test C_SUPPORTS_FDATA_SECTIONS succeeded with the following output:
Change Dir: /media/windows/win2/Research/llvm_release_build/CMakeFiles/CMakeTmp

Run Build Command:"/usr/bin/ninja" "cmTC_3db80"
[1/2] Building C object CMakeFiles/cmTC_3db80.dir/src.c.o
[2/2] Linking C executable cmTC_3db80

Source file was:
int main(void) { return 0; }
Performing C++ SOURCE FILE Test CXX_SUPPORTS_FDATA_SECTIONS succeeded with the following output:
Change Dir: /media/windows/win2/Research/llvm_release_build/CMakeFiles/CMakeTmp

Run Build Command:"/usr/bin/ninja" "cmTC_9b87e"
[1/2] Building CXX object CMakeFiles/cmTC_9b87e.dir/src.cxx.o
[2/2] Linking CXX executable cmTC_9b87e

Source file was:
int main() { return 0; }
