This is pdfTeX, Version 3.1415926-2.5-1.40.14 (TeX Live 2013/Debian) (format=pdflatex 2017.4.21)  17 JUN 2017 14:13
entering extended mode
 restricted \write18 enabled.
 %&-line parsing enabled.
**\input tocloft.sty
(./tocloft.sty

LaTeX Warning: You have requested package `',
               but the package provides `tocloft'.

Package: tocloft 1999/09/19 v1.0 parameterised ToC, etc., typesetting
(./stdclsdv.sty
Package: stdclsdv 1999/01/18 v1.0 Sectional divisions
)

Package tocloft Warning: I don't recognize any sectional divisions so I'll do n
othing on input line 33.

)
! Emergency stop.
<*> \input tocloft.sty
                      
*** (job aborted, no legal \end found)

 
Here is how much of TeX's memory you used:
 45 strings out of 495028
 683 string characters out of 6181497
 45944 words of memory out of 5000000
 3351 multiletter control sequences out of 15000+600000
 3640 words of font info for 14 fonts, out of 8000000 for 9000
 14 hyphenation exceptions out of 8191
 14i,0n,8p,139b,10s stack positions out of 5000i,500n,10000p,200000b,80000s
!  ==> Fatal error occurred, no output PDF file produced!
